20230401	08:51:31	42b2c2f2-bae0-4d51-a7b7-9e31e4a2a0e1	POST	/users	undefined
20230401	09:24:47	3fb70fee-d04f-4757-b849-8a09f561524f	GET	/users	undefined
20230401	09:53:22	e17cf878-5126-4e89-a13f-8d0a1a9f6406	OPTIONS	/auth	http://localhost:3000
20230401	09:53:22	087d83fc-25eb-4d59-9ac9-5fe311cf90a6	POST	/auth	http://localhost:3000
20230401	09:53:43	cd9f5c7e-ac0a-4883-813e-9b6735848365	OPTIONS	/auth	http://localhost:3000
20230401	09:53:43	5e888c55-80ea-4c8d-a27f-93e3a297611e	POST	/auth	http://localhost:3000
20230401	09:53:51	592d71a3-404d-454e-9ff3-994bee1899c7	OPTIONS	/auth	http://localhost:3000
20230401	09:53:51	1f22d0b4-2db2-4769-b931-a8bb95978568	POST	/auth	http://localhost:3000
20230401	09:54:06	dcfe9ed1-94f1-4c69-aa2f-e34113ffce60	GET	/users	undefined
20230403	12:24:11	89f680be-07f6-4ff5-bc54-ef38975864e3	GET	/notes	http://localhost:3000
20230403	12:24:11	c10b2303-baf8-4ca2-9eb8-6dfea0bfb55c	GET	/users	http://localhost:3000
20230403	12:24:27	1cb04e3a-8f34-40e2-a121-ae3391202d78	GET	/notes	http://localhost:3000
20230403	12:24:57	c3358b03-2e91-4b9c-bc17-0eb0e574bfdb	OPTIONS	/users	http://localhost:3000
20230403	12:24:57	b4a5058c-6264-41d9-9a9d-a037c7a78bac	POST	/users	http://localhost:3000
20230403	12:24:57	8c22c70c-daa6-4641-b09d-d71d856b09bd	GET	/users	http://localhost:3000
20230403	12:25:00	59ff34af-bb3c-4242-9aa4-2f9f3f489432	GET	/users	http://localhost:3000
20230403	12:25:02	c7f54095-dfe5-4e71-9355-8bd7edbd8fc9	GET	/users	http://localhost:3000
20230403	12:25:53	fc4904dc-ee45-4323-8093-9a61a5fc546e	OPTIONS	/notes	http://localhost:3000
20230403	12:25:53	0dc7976c-0a19-4eb7-9fba-366441098292	POST	/notes	http://localhost:3000
20230403	12:25:54	cb6190da-bc42-4c41-9c65-cd3cb51c19f0	GET	/notes	http://localhost:3000
20230403	12:26:03	619e899a-3193-4fdf-86f2-3e8dceb27b8a	OPTIONS	/notes	http://localhost:3000
20230403	12:26:03	c32f876c-0f43-4d1b-aed7-2d6ed73e5c17	PATCH	/notes	http://localhost:3000
20230403	12:26:03	58eb26a2-30a3-4011-a18a-cbccecd9681c	GET	/notes	http://localhost:3000
20230403	12:26:14	a64373c2-c678-4001-a161-7bc69d3584dc	GET	/notes	http://localhost:3000
20230403	12:26:21	e255f7e1-c7a9-4e12-a166-e118d693914d	GET	/users	http://localhost:3000
20230403	14:02:56	1890c8fb-9185-4efd-92d8-83c0596818a3	GET	/auth	undefined
20230403	14:03:30	0f91b856-e311-484f-827c-43d390d040ff	GET	/auth	undefined
20230403	14:09:47	b0f59bbf-9567-46e4-ac43-b07705fb9ebc	GET	/auth	undefined
20230403	14:10:05	2e8ffa76-23c9-4aea-bdb3-1431c41e2869	GET	/auth	undefined
20230403	14:10:29	a97f8a8f-66fe-44c3-b2f0-c5c6e3325d6c	GET	/auth	undefined
20230403	14:16:58	df18e8e5-13b1-4d40-9c4f-56dc56124da2	GET	/auth	undefined
20230403	14:19:12	a3032d30-476b-4e39-bbd0-5b96dcdc8fce	POST	/auth	undefined
20230403	14:21:49	e2dbbe89-3c04-47ae-98da-b4679c431251	POST	/auth/refresh	undefined
20230403	14:22:10	00ccb74f-b21a-4d46-93b2-05b92dff92e8	POST	/auth/refresh	undefined
20230403	14:22:54	4261ca3b-4d4c-437d-94e4-d4cbb7f24838	POST	/auth/logout	undefined
20230403	14:23:18	6105996d-6b32-4570-92d4-b078a4da7311	POST	/auth	undefined
20230403	14:48:29	77fa9be8-1101-4a84-91a5-b12cc01cdab7	OPTIONS	/auth	http://localhost:3000
20230403	14:48:29	19163f2b-b792-46ba-b806-8ba0b43b1c62	POST	/auth	http://localhost:3000
20230403	14:48:29	cfdda891-3174-48d5-bb64-e4eec60a29cf	GET	/notes	http://localhost:3000
20230403	14:48:29	a56a5e23-9134-4d2e-bad0-cb2e118375e7	GET	/users	http://localhost:3000
20230403	14:49:59	0b516afb-42a7-4d59-807a-f936954177d4	OPTIONS	/auth	http://localhost:3000
20230403	14:49:59	eda72d60-7850-45b6-9f3c-b64e00f168d8	POST	/auth	http://localhost:3000
20230403	14:49:59	bdf9d334-ec34-4aec-aa25-704cbb1d4ce3	GET	/notes	http://localhost:3000
20230403	14:49:59	7108eb6e-b5e7-4ebb-8986-deafd94ea6fc	GET	/users	http://localhost:3000
20230403	14:50:06	566485db-5577-4153-b437-7ace859f0729	GET	/users	http://localhost:3000
20230403	14:50:19	af48e764-2834-4a2f-9fdf-a6290c3249e0	GET	/users	http://localhost:3000
20230403	14:50:59	9c72eb13-b69b-46e2-844b-83a92c55a9f8	OPTIONS	/users	http://localhost:3000
20230403	14:50:59	f8523c17-39bf-41ff-83dd-c018c25aeae4	POST	/users	http://localhost:3000
20230403	14:50:59	7667f3b0-873c-4202-b8a8-975940394e97	GET	/users	http://localhost:3000
20230403	14:51:53	b832b43f-157d-4eba-8a11-0e86a8b40d59	GET	/users	http://localhost:3000
20230403	14:51:53	454ef1c7-4a0f-4ebd-8026-ecd25e698ace	GET	/notes	http://localhost:3000
20230403	15:18:58	c856a146-447b-4164-986d-907525b1d08e	GET	/notes	http://localhost:3000
20230403	15:19:11	ea159eed-222c-464d-86b4-3607212c1237	GET	/notes	http://localhost:3000
20230403	15:19:12	131d7e46-51b4-43bc-b25c-e731f2a75e0b	GET	/notes	http://localhost:3000
20230403	15:19:12	44c7f81a-bee9-4709-9b6d-d8f46223dcdd	GET	/users	http://localhost:3000
20230403	15:19:16	13f5ccd5-3d58-452f-9135-c47683bd2ebd	GET	/notes	http://localhost:3000
20230403	15:20:32	7e0c8856-6860-401b-8010-39020452704e	GET	/notes	http://localhost:3000
20230403	15:20:32	fb4499e8-ee97-465a-937a-208f1f9c53f6	GET	/users	http://localhost:3000
20230403	15:20:36	89cb1447-b318-42bd-b937-23215a348fef	GET	/notes	http://localhost:3000
20230403	15:20:38	68225c39-8123-454b-ace1-b064fb76c1f6	GET	/notes	http://localhost:3000
20230403	15:20:38	749cd3cf-b88a-41c6-946c-b2a7324bebb4	GET	/users	http://localhost:3000
20230403	15:20:51	1724bb7c-e762-46e5-a078-3665a29deb65	GET	/notes	http://localhost:3000
20230403	15:21:08	ea8b682a-4645-4b78-af6f-3ae6a501715b	GET	/notes	http://localhost:3000
20230403	15:21:24	534cbf87-cd23-4c27-a299-e9437fa4531d	GET	/notes	http://localhost:3000
20230403	15:21:40	bd830016-75b9-4816-8d8f-6c887c249e33	GET	/notes	http://localhost:3000
20230403	15:21:55	550a53f6-0f20-48ca-b9d2-38b2ce05e089	GET	/notes	http://localhost:3000
20230403	15:22:13	e3e9b9d1-cd11-4f7f-9e37-214a1b3bc342	GET	/notes	http://localhost:3000
20230403	15:22:36	b7211e7b-3311-45a5-9226-727f643a0fce	GET	/notes	http://localhost:3000
20230403	15:22:58	dc582f29-f37f-49bb-820a-8309d115404a	GET	/notes	http://localhost:3000
20230403	15:23:45	24655860-7926-415f-910f-f26b330457a3	GET	/notes	http://localhost:3000
20230403	15:24:02	6e6fd3ee-bb92-472e-9bb5-a3d81a9ab2d2	GET	/notes	http://localhost:3000
20230403	15:24:18	08d19668-45f3-4257-b039-ae7ce7e7ef2f	GET	/notes	http://localhost:3000
20230403	15:24:37	7aca57d7-0d11-4fe7-b611-917d6ddfc014	GET	/notes	http://localhost:3000
20230403	15:24:44	24f116e0-1eaf-4c75-b697-c41529aaa7ca	GET	/notes	http://localhost:3000
20230403	15:24:50	c568f0e0-0f61-4258-9dc0-af36de0ee112	GET	/notes	http://localhost:3000
20230403	15:24:53	5c8a7457-5c89-4a0a-ade0-710e4481fc70	GET	/notes	http://localhost:3000
20230403	15:29:21	5413df62-5551-4648-8fc1-1477515db9b3	GET	/notes	http://localhost:3000
20230403	15:29:26	dbc150c2-d95c-45f9-8843-936ede9c90ce	GET	/users	http://localhost:3000
20230403	15:44:49	f6e61751-f91c-4638-a289-e43a97458aee	GET	/notes	http://localhost:3000
20230403	15:44:55	7bbf63b9-b0d9-4c06-905b-5831d73ff30a	GET	/users	http://localhost:3000
20230403	15:48:52	388ef54d-6333-4a88-b310-a346ad362c82	OPTIONS	/auth	http://localhost:3000
20230403	15:48:52	4d05b481-0e7b-447d-8928-5423afcfeb6a	POST	/auth	http://localhost:3000
20230403	15:48:52	eca66249-92b6-4e01-a03d-228f15e5bbfa	OPTIONS	/notes	http://localhost:3000
20230403	15:48:52	e366f9d9-00b9-4184-b6e8-0fee25f75075	OPTIONS	/users	http://localhost:3000
20230403	15:48:52	53714f63-2921-4f7b-b8d7-a8c90efbfaac	GET	/notes	http://localhost:3000
20230403	15:48:52	cbb7bd2c-d421-40ca-a164-d1c9010df687	GET	/users	http://localhost:3000
20230403	15:48:54	dd9015da-16ad-43ed-be5a-81303ad8929a	GET	/notes	http://localhost:3000
20230403	15:48:55	b50c6909-9e45-4620-8226-6325bb2eb9d8	GET	/notes	http://localhost:3000
20230403	15:48:57	9a200805-ac96-40d7-8316-aebb4d53944a	GET	/notes	http://localhost:3000
20230403	15:49:11	0ea2d9c0-7933-4f72-aa6a-8fe4275456a9	OPTIONS	/auth/logout	http://localhost:3000
20230403	15:49:11	43df184a-3c33-4133-b485-86dfe8d7fa8a	POST	/auth/logout	http://localhost:3000
20230403	16:01:39	e8fedb68-41b5-438a-a0ac-c952ae57f742	OPTIONS	/auth	http://localhost:3000
20230403	16:01:39	7c4aa920-79be-4773-af91-1e96bcb260f3	POST	/auth	http://localhost:3000
20230403	16:01:39	2b647973-536e-4578-97a6-bd830b0f9226	OPTIONS	/notes	http://localhost:3000
20230403	16:01:39	51263fc6-ec1f-4d63-9891-32651eb1a8c3	OPTIONS	/users	http://localhost:3000
20230403	16:01:39	968a5864-d9c3-4328-a7dd-ab8adb0b9b8e	GET	/notes	http://localhost:3000
20230403	16:01:39	027430be-a457-4644-bc3b-a45b6e7f6f61	GET	/users	http://localhost:3000
20230403	16:01:44	4a78f574-0b28-4afe-b0a1-8f4c9ecda05a	OPTIONS	/notes	http://localhost:3000
20230403	16:01:44	4b28253c-3c1f-4a83-8910-94045f1582bf	GET	/notes	http://localhost:3000
20230403	16:01:54	2560434f-ae81-4a5e-9318-966c9a7c2bec	OPTIONS	/auth/logout	http://localhost:3000
20230403	16:01:54	bb517a1c-acc1-4d95-8987-a5eebe91cffa	POST	/auth/logout	http://localhost:3000
20230403	16:02:05	c058b002-43fa-4b82-8d5e-800776d587e7	OPTIONS	/auth	http://localhost:3000
20230403	16:02:05	c2bfc11a-c098-450d-a76a-300d80eaff23	POST	/auth	http://localhost:3000
20230403	16:02:05	c11bea07-131c-4150-b39b-1d5400960e84	OPTIONS	/notes	http://localhost:3000
20230403	16:02:05	a28c702a-fe66-42ac-91ab-32e18a5cf97d	OPTIONS	/users	http://localhost:3000
20230403	16:02:05	62f2f2e0-067f-4962-94df-35a24eb130ca	GET	/notes	http://localhost:3000
20230403	16:02:05	f93d5716-b595-4901-b080-21c9fd4e350b	GET	/users	http://localhost:3000
20230403	16:02:40	c0e5904c-7302-4ac1-81dc-3644c6dbda76	OPTIONS	/auth/logout	http://localhost:3000
20230403	16:02:40	62917f2c-72ef-4250-8a96-cdfa53cc7f23	POST	/auth/logout	http://localhost:3000
20230403	16:03:31	380f5fe2-b91b-41fa-bd9b-ef9d5c04c9f1	OPTIONS	/auth	http://localhost:3000
20230403	16:03:31	265a437b-325d-4310-95b8-c3d09f37cde1	POST	/auth	http://localhost:3000
20230403	16:03:31	d9410e8a-813d-428d-8468-6fac230b0089	OPTIONS	/notes	http://localhost:3000
20230403	16:03:31	118df4b5-5b77-40fa-8d0e-9eec2c99d206	OPTIONS	/users	http://localhost:3000
20230403	16:03:31	82150d8b-b1a7-43ce-b5b8-2ef5ab13f938	GET	/notes	http://localhost:3000
20230403	16:03:31	4bb51619-9e6a-41dc-ba30-9f126370e906	GET	/users	http://localhost:3000
20230403	16:03:37	64722fdf-1f46-483c-8c0d-d3055464df5b	OPTIONS	/notes	http://localhost:3000
20230403	16:03:38	6c424532-7bb9-44aa-8be0-a50384a0b80c	GET	/notes	http://localhost:3000
20230403	16:03:43	79f5a083-47b9-44c7-9150-39b8e68f5280	OPTIONS	/notes	http://localhost:3000
20230403	16:03:43	3ee4e806-a009-4e7e-a440-1be3b310caf1	PATCH	/notes	http://localhost:3000
20230403	16:03:43	493f57dc-a7f0-4bc8-9373-e1726f6bf643	GET	/notes	http://localhost:3000
20230403	16:03:43	af388e0d-d147-4ea4-a193-fa1b32d588b1	GET	/notes	http://localhost:3000
20230403	16:03:47	8fdd098c-a84a-4ce8-bf11-ef80c92dbcad	OPTIONS	/auth/logout	http://localhost:3000
20230403	16:03:47	91853957-5b85-416e-8f97-9f01d339cba7	POST	/auth/logout	http://localhost:3000
20230403	16:03:57	7b59cb6b-7d43-4b5a-88cf-3fcb7be33f9d	OPTIONS	/auth	http://localhost:3000
20230403	16:03:57	1f85f00f-682c-4ecf-8a5e-054f339fa161	POST	/auth	http://localhost:3000
20230403	16:03:57	59b1cc94-1939-46e9-b2dd-1d1eda6f46e3	OPTIONS	/notes	http://localhost:3000
20230403	16:03:57	fea57183-e9d4-4a36-a8a5-e8c9dbbb80fb	OPTIONS	/users	http://localhost:3000
20230403	16:03:57	10d69f93-be7d-44a4-a53a-124997bf205a	GET	/notes	http://localhost:3000
20230403	16:03:57	751d65df-5916-4fc4-aad8-b2acd70691d3	GET	/users	http://localhost:3000
20230403	16:04:52	218a49dd-831a-4a74-bfc7-2af21902ccfb	OPTIONS	/auth/logout	http://localhost:3000
20230403	16:04:52	3317c140-0b46-4866-90c2-ac8ddbfd49af	POST	/auth/logout	http://localhost:3000
20230403	16:04:58	dec9dd15-b460-4eea-a87a-03d84cc3130c	OPTIONS	/auth	http://localhost:3000
20230403	16:04:58	2ce64d41-65ec-495a-9cbc-dae3748b461c	POST	/auth	http://localhost:3000
20230403	16:04:58	7830363e-8627-4793-a992-e8fe86427e4d	OPTIONS	/notes	http://localhost:3000
20230403	16:04:58	42c52f07-7bcb-4918-abf2-e340622fed1d	OPTIONS	/users	http://localhost:3000
20230403	16:04:58	b08ef014-ace5-4735-82e4-791f215b52e0	GET	/notes	http://localhost:3000
20230403	16:04:58	eb0994bd-480b-4b15-b3a6-307b0c20750e	GET	/users	http://localhost:3000
20230403	16:04:59	24bb1d43-ad92-4bc2-ae6d-acbae1a3b082	GET	/notes	http://localhost:3000
20230403	16:05:00	0e234bb6-b6b1-40a3-af89-bbe191517f0e	GET	/notes	http://localhost:3000
20230403	16:05:02	9b5f386f-0c19-4161-abec-77996abde4f1	GET	/notes	http://localhost:3000
20230403	16:05:04	56b6bda6-084a-4a53-9afe-6e9901719f37	GET	/auth/refresh	http://localhost:3000
20230403	16:05:04	8fb1a7fa-ef6c-4a77-a375-333b96ff91bd	OPTIONS	/notes	http://localhost:3000
20230403	16:05:04	305de6ee-2195-4f66-9262-728706b872ee	OPTIONS	/notes	http://localhost:3000
20230403	16:05:04	89ed70e3-465f-459a-b5e7-bc8830f7422f	OPTIONS	/users	http://localhost:3000
20230403	16:05:04	af2b5a09-8924-432d-8b46-fa31fe4af1ea	GET	/notes	http://localhost:3000
20230403	16:05:04	14482b74-6ecb-404f-b273-0a4b222f940a	GET	/users	http://localhost:3000
20230403	16:05:04	98ea9ca5-e97f-461d-9876-deae527586ec	GET	/notes	http://localhost:3000
20230403	16:05:21	771fef55-798c-440b-b07b-5bcd208b6de8	OPTIONS	/notes	http://localhost:3000
20230403	16:05:21	a46ff5de-c441-4840-ab9c-ce8793b52db1	GET	/notes	http://localhost:3000
20230403	16:05:26	90dc65b6-0390-4b6e-a617-ca2ac6d3d135	GET	/notes	http://localhost:3000
20230403	16:05:30	49b789cf-e4b3-458a-8227-f38aa5ece1b4	GET	/auth/refresh	http://localhost:3000
20230403	16:05:30	a4fef8d1-9fe5-479f-8101-e38ef551bad2	OPTIONS	/notes	http://localhost:3000
20230403	16:05:30	a841942c-db30-47d9-90b2-6282dbe1548e	OPTIONS	/users	http://localhost:3000
20230403	16:05:30	c9da10f3-8210-4035-94b5-7d34ce071eea	GET	/notes	http://localhost:3000
20230403	16:05:30	7528525c-975c-4aaa-b03e-a815b7b4cf5c	GET	/users	http://localhost:3000
20230403	17:32:19	764f73c0-fe34-4f32-9646-c0491203bf44	OPTIONS	/auth	http://localhost:3000
20230403	17:32:19	63cfae4d-85ff-4e43-b32b-dfcdc9e8181f	POST	/auth	http://localhost:3000
20230403	17:32:19	86084f69-8cfb-4069-894a-11f8425645e8	OPTIONS	/notes	http://localhost:3000
20230403	17:32:19	1477eb02-1cfd-439c-a83c-2779436a087b	OPTIONS	/users	http://localhost:3000
20230403	17:32:19	ed9f4925-e3b0-4341-9456-c8a16bd920c3	GET	/notes	http://localhost:3000
20230403	17:32:19	e530d730-ae99-4dc1-a02f-0fed94e99460	GET	/users	http://localhost:3000
20230403	17:42:09	2ef15247-fc1f-45fd-85bd-9986dca15df3	GET	/auth/refresh	http://localhost:3000
20230403	17:42:10	9605708e-c560-4191-8035-2a2f655185bf	OPTIONS	/notes	http://localhost:3000
20230403	17:42:10	c330afcd-f6d3-4786-b464-b260808c664c	OPTIONS	/users	http://localhost:3000
20230403	17:42:10	e24f8c8d-ae25-4720-83f2-65e525dad865	GET	/notes	http://localhost:3000
20230403	17:42:10	41485766-a13a-494a-890a-3b08af002043	GET	/users	http://localhost:3000
20230403	17:42:18	b9d8235b-9af0-4dbc-8512-07f01695c62c	GET	/auth/refresh	http://localhost:3000
20230403	17:42:18	5a915cfe-fe41-4c91-9db4-bc5165d00de7	OPTIONS	/notes	http://localhost:3000
20230403	17:42:18	02c8ae53-32a3-4e5b-bb8b-3fd9f39f5b71	OPTIONS	/users	http://localhost:3000
20230403	17:42:18	84909445-9c3d-4cd8-bf17-9e1f1a56dd7c	GET	/notes	http://localhost:3000
20230403	17:42:18	fd7182df-83bf-4f79-a301-d244e2620b58	GET	/users	http://localhost:3000
20230403	17:42:30	9ca8c93e-57f9-4b61-b554-a78410f9310a	OPTIONS	/auth/logout	http://localhost:3000
20230403	17:42:30	e7062e9e-2239-442b-8884-39175513aa06	POST	/auth/logout	http://localhost:3000
20230403	17:42:37	0784cbf3-0783-4d8b-a06e-bee296315a83	OPTIONS	/auth	http://localhost:3000
20230403	17:42:37	f6fe9894-09ee-4c85-9032-6cfc832defda	POST	/auth	http://localhost:3000
20230403	17:42:37	d809d967-f89a-4691-b68a-b3a5e62ad5a8	OPTIONS	/notes	http://localhost:3000
20230403	17:42:37	c4f92b74-de9a-40dc-b97b-6bd77e164b70	OPTIONS	/users	http://localhost:3000
20230403	17:42:37	d987edd6-f972-4d79-bb2e-fb82beb3ad6a	GET	/notes	http://localhost:3000
20230403	17:42:37	e6d1879a-92bf-4e80-b093-c711ae7d675e	GET	/users	http://localhost:3000
20230403	17:43:02	bf479820-1858-47f4-b7ed-d19ca3f4da49	GET	/auth/refresh	http://localhost:3000
20230403	17:43:02	f070efe9-a8a9-4855-b84e-0aacfe408fa1	OPTIONS	/notes	http://localhost:3000
20230403	17:43:02	0a35baca-b86c-4665-938d-ec1e6051b14f	OPTIONS	/users	http://localhost:3000
20230403	17:43:02	a1c9a229-3e76-4ff9-ac7f-e9df3c926282	GET	/notes	http://localhost:3000
20230403	17:43:02	0ef89fb1-9f69-4bb5-ac45-7ccf7796c5ff	GET	/users	http://localhost:3000
20230403	17:43:16	087692b6-c4ba-4acb-b233-e1f93631e93f	GET	/auth/refresh	http://localhost:3000
20230403	17:43:16	88cc690f-b803-4ed7-a91c-3a6f5384fb44	OPTIONS	/notes	http://localhost:3000
20230403	17:43:16	af572604-2e03-4de7-b801-eb0b6f7fc3b7	OPTIONS	/users	http://localhost:3000
20230403	17:43:16	41c5189a-57ee-4849-8931-cb96c49931fb	GET	/notes	http://localhost:3000
20230403	17:43:16	37ddc7db-e731-4389-8d1e-89c0589c11ac	GET	/users	http://localhost:3000
20230403	17:44:13	56c9b68a-0ba6-47f7-af60-0cdc2069cdaa	GET	/auth/refresh	http://localhost:3000
20230403	17:44:13	cc78ad23-7ca9-4173-8e09-2029f9063def	OPTIONS	/notes	http://localhost:3000
20230403	17:44:13	d12cf69b-d4a5-4161-b25f-107be42881cc	OPTIONS	/users	http://localhost:3000
20230403	17:44:13	b5969998-a5d1-4ca5-9fc2-c055729dea5b	GET	/notes	http://localhost:3000
20230403	17:44:13	a3b0cacc-a29c-442a-b750-c6b9aee33bb1	GET	/users	http://localhost:3000
20230403	17:45:32	33c32714-ca53-4260-8051-0018d4d5e5f5	OPTIONS	/users	http://localhost:3000
20230403	17:45:32	6ea5c908-b0ac-4c06-ba19-7cb891cfc1dd	POST	/users	http://localhost:3000
20230403	17:45:33	0859f496-45df-4e8d-87d3-038b72c6afa3	GET	/users	http://localhost:3000
20230403	17:45:33	ade0efed-0f06-4636-a1f0-2f1dc3eadd87	GET	/users	http://localhost:3000
20230403	17:45:35	3ca6c261-a947-4b90-94d5-663cf4cca4aa	GET	/users	http://localhost:3000
20230403	17:45:38	0c2364fa-62e3-43dc-846e-7c7fd6ab910b	OPTIONS	/users	http://localhost:3000
20230403	17:45:38	a8a0a803-504c-49d2-813a-24fe570ec695	GET	/users	http://localhost:3000
20230403	17:45:41	cc568884-6852-4f43-8278-a737e331f67b	OPTIONS	/auth/logout	http://localhost:3000
20230403	17:45:41	9d818191-22ab-429f-a0e8-839ebe27989d	POST	/auth/logout	http://localhost:3000
20230403	17:45:50	7f25dafe-30b9-4894-9293-1a3c0bd273fb	OPTIONS	/auth	http://localhost:3000
20230403	17:45:50	fb19920d-f9a7-4a92-9b6f-0daae69fa1ca	POST	/auth	http://localhost:3000
20230403	17:45:51	842f805a-2fc0-49b0-838e-14badfbb354b	OPTIONS	/notes	http://localhost:3000
20230403	17:45:51	20af89c5-a9a4-441c-8ca6-28a1ee05a2d0	OPTIONS	/users	http://localhost:3000
20230403	17:45:51	66e60673-6ab8-4dd9-af75-a788ee307882	GET	/notes	http://localhost:3000
20230403	17:45:51	8ae182de-6686-4582-bc72-47b0b297569f	GET	/users	http://localhost:3000
20230403	17:46:00	e53489fe-1600-40c2-87a5-a0f99e7b456e	OPTIONS	/notes	http://localhost:3000
20230403	17:46:00	df3cbaa2-b377-4878-ba09-4e32f5a05caa	GET	/notes	http://localhost:3000
20230403	17:46:05	69492de5-a325-4dab-8be9-d1378a13f247	GET	/auth/refresh	http://localhost:3000
20230403	17:46:05	563748c6-eac9-4d81-8a6f-29288640df14	OPTIONS	/users	http://localhost:3000
20230403	17:46:05	989b639f-b58d-4f2b-ae4f-a31feda0421e	GET	/notes	http://localhost:3000
20230403	17:46:05	87058600-6f7e-4b26-83fb-ccae73dd0f08	GET	/users	http://localhost:3000
20230403	17:46:05	f1704eed-45e1-4bd1-889f-d00d0c6470f3	GET	/notes	http://localhost:3000
20230403	17:48:03	c236923a-ce11-4b6c-a2b3-4f4380164dff	OPTIONS	/notes	http://localhost:3000
20230403	17:48:03	1bca5ad1-8b03-43be-8985-209641279372	POST	/notes	http://localhost:3000
20230403	17:48:04	ba275846-b207-42f1-9666-b296288e7175	GET	/notes	http://localhost:3000
20230403	17:48:04	1f46e7b2-ac7b-4208-a5ba-f86f2a69617c	GET	/notes	http://localhost:3000
20230403	17:48:17	582bfd5b-20c1-4d5b-b19b-ecdf55f19c8f	OPTIONS	/notes	http://localhost:3000
20230403	17:48:17	8cd82374-5d9b-42f2-bf4f-87e7879130bd	GET	/notes	http://localhost:3000
20230403	17:48:25	cb209581-531e-4755-9b20-a13644bf2e42	OPTIONS	/auth/logout	http://localhost:3000
20230403	17:48:25	a931e6c3-166d-431d-b99e-01f2605cbee6	POST	/auth/logout	http://localhost:3000
20230403	17:48:37	d7114cbe-03bf-432c-9156-d10c3dcb5443	OPTIONS	/auth	http://localhost:3000
20230403	17:48:37	c72606d2-dc10-43ce-9800-c2b0d84a7640	POST	/auth	http://localhost:3000
20230403	17:48:38	b6b5ac32-29bd-482d-a996-49185ac37168	OPTIONS	/notes	http://localhost:3000
20230403	17:48:38	31f6ef0c-39cd-483d-9f34-c882ddb84272	OPTIONS	/users	http://localhost:3000
20230403	17:48:38	47133415-8eee-469c-885d-6737b5b02517	GET	/notes	http://localhost:3000
20230403	17:48:38	0d93fc5a-bcde-4342-a5e5-5618c8ee35d1	GET	/users	http://localhost:3000
20230403	17:48:45	31a721bb-ab4a-4db3-ae31-2d3e5148599b	OPTIONS	/users	http://localhost:3000
20230403	17:48:45	c98a4f93-1f23-4346-aa91-82a35017749a	GET	/users	http://localhost:3000
20230403	17:49:53	eb1038db-ed7f-41ef-848e-cbe5c5e4a57b	OPTIONS	/users	http://localhost:3000
20230403	17:49:53	e549ef33-34a0-424f-9ede-0962f16e4e3d	GET	/users	http://localhost:3000
20230403	17:51:07	d95bb000-700e-4998-9daf-5a81edbd039b	OPTIONS	/users	http://localhost:3000
20230403	17:51:07	4b1d7c66-d8d9-4ca4-85e8-ec2524f44810	GET	/users	http://localhost:3000
20230403	17:52:08	c314356d-fc50-4745-ad64-cdfadd8a25e4	OPTIONS	/users	http://localhost:3000
20230403	17:52:08	ad0ac97a-31b0-438a-ac40-bec3fdbef956	GET	/users	http://localhost:3000
20230403	17:53:16	56d21a4d-0dac-43a0-813b-4e882ca95edf	OPTIONS	/users	http://localhost:3000
20230403	17:53:16	04b31d53-41fd-49d8-8e6f-b6e0456c4c9b	GET	/users	http://localhost:3000
20230403	17:53:51	d0a37117-38f1-4f49-a107-f429d76629c4	OPTIONS	/users	http://localhost:3000
20230403	17:53:51	79f2599f-f1f1-4e35-8301-65fd3e6b3b74	GET	/users	http://localhost:3000
20230403	17:54:12	e567250b-feb7-491d-af58-cfc54c1dc339	OPTIONS	/auth/logout	http://localhost:3000
20230403	17:54:12	cf7eebab-d84a-4924-a2a8-fed12be42e74	POST	/auth/logout	http://localhost:3000
20230403	17:54:31	0a25932a-b6bd-452c-90a9-6a0be9e5c09f	OPTIONS	/auth	http://localhost:3000
20230403	17:54:31	fa011de5-ff8b-42ae-8ddb-0d824ba09dcc	POST	/auth	http://localhost:3000
20230403	17:54:31	8bd55312-7cfb-4913-8a3f-bbed2066ddd8	OPTIONS	/notes	http://localhost:3000
20230403	17:54:31	ed5fce44-36c4-4d4f-be1f-a8695c11efba	OPTIONS	/users	http://localhost:3000
20230403	17:54:31	fe3db010-a20b-41bc-8a38-8b0a989e7f20	GET	/users	http://localhost:3000
20230403	17:54:31	e09b2229-7bb8-4313-ac83-dc7f30a796a7	GET	/notes	http://localhost:3000
20230403	17:54:38	32203615-fffe-4be4-9fc9-48f761a13048	OPTIONS	/notes	http://localhost:3000
20230403	17:54:38	e1ccabaa-d7ef-4bef-a99e-a3b802d4d9aa	GET	/notes	http://localhost:3000
20230403	17:54:45	db54e10f-824e-432d-a69e-f29248d572df	OPTIONS	/notes	http://localhost:3000
20230403	17:54:45	b0193d19-e449-499b-8782-cd1a0bcd1df8	GET	/notes	http://localhost:3000
20230403	17:54:54	be5bf527-1f92-4496-9b9d-00ed11bbb417	OPTIONS	/users	http://localhost:3000
20230403	17:54:54	a5dea1e7-000c-433e-bf9c-affd5f51b807	GET	/users	http://localhost:3000
20230403	18:10:02	7df76488-167b-4e16-a832-6985a3b2d5ae	GET	/auth/refresh	http://localhost:3000
20230403	18:10:02	430afd3e-f0a7-4f6d-a0ad-dae8be2a5383	OPTIONS	/notes	http://localhost:3000
20230403	18:10:02	ec732e09-ee94-4e46-9911-f446ee425f0f	OPTIONS	/users	http://localhost:3000
20230403	18:10:02	3285a6c9-59e5-42c9-829b-015384c31476	GET	/notes	http://localhost:3000
20230403	18:10:02	8deb5d81-d4a1-474f-ad24-465a60dbb0b7	GET	/users	http://localhost:3000
20230403	18:17:48	cd6ef444-badc-42a6-90bc-4c595ddf7bbb	OPTIONS	/notes	http://localhost:3000
20230403	18:17:48	147f32b6-ef80-4723-a7a5-5f9c67fea970	GET	/notes	http://localhost:3000
20230403	18:17:53	037feabd-b9b7-46b4-a57c-07ef006c8e2c	OPTIONS	/auth/logout	http://localhost:3000
20230403	18:17:53	79ebc8ee-fa95-4adf-8742-227773dc7561	POST	/auth/logout	http://localhost:3000
20230403	18:18:06	81e67ede-df14-4422-a235-7f122493a267	OPTIONS	/auth	http://localhost:3000
20230403	18:18:06	76f1ab0c-0e5a-4c11-8379-a6dcacbfcbf3	POST	/auth	http://localhost:3000
20230403	18:18:06	a7310cb0-48a1-4d30-a11a-d1796cb8f5da	OPTIONS	/notes	http://localhost:3000
20230403	18:18:06	227f9d2a-4b1d-4acf-9edc-feb48948641f	OPTIONS	/users	http://localhost:3000
20230403	18:18:06	cc983f01-0a5d-45fd-801b-671fdb442f8b	GET	/notes	http://localhost:3000
20230403	18:18:06	defbf5f2-0282-4109-b014-6098fa38d132	GET	/users	http://localhost:3000
20230403	18:18:20	379bb78c-21f4-4ec6-b712-4b073a6afc04	OPTIONS	/notes	http://localhost:3000
20230403	18:18:20	8459a8e7-0ae0-4e3e-ac2b-94cba4e1d1f9	GET	/notes	http://localhost:3000
20230403	18:18:28	fdc6fe0b-585d-4a3f-aab8-9e4bba970ce8	OPTIONS	/auth/logout	http://localhost:3000
20230403	18:18:28	ec36bf1e-89f3-4f70-bfed-a29bf7a1035c	POST	/auth/logout	http://localhost:3000
20230403	18:37:45	3bb9d897-5666-4108-8c0b-f4fca56578fb	OPTIONS	/auth	http://localhost:3000
20230403	18:37:45	356b5636-6835-4526-b617-afcbf66243c8	POST	/auth	http://localhost:3000
20230403	18:37:45	46224e22-0f61-4b59-a6ff-fc88ca3bc41f	OPTIONS	/notes	http://localhost:3000
20230403	18:37:45	3904d1d9-1f38-45d2-8908-7c79d24df4ab	OPTIONS	/users	http://localhost:3000
20230403	18:37:45	de4f3468-7df4-424f-b603-950ee38db82e	GET	/notes	http://localhost:3000
20230403	18:37:45	677fb372-6249-41b6-b259-905fb3109a23	GET	/users	http://localhost:3000
20230403	18:38:25	2a76eddc-d8f4-4da5-83cb-c2d7d424819e	GET	/auth/refresh	http://localhost:3000
20230403	18:38:25	5d17381e-961e-48d8-a573-b94196dbeeff	OPTIONS	/notes	http://localhost:3000
20230403	18:38:25	de22749b-558b-4be7-a9ae-4939381dc4a7	OPTIONS	/users	http://localhost:3000
20230403	18:38:25	09d19665-f31f-442f-9ca7-742e15494e9f	GET	/notes	http://localhost:3000
20230403	18:38:25	9e6fb66d-61c1-4c8b-823e-b3fe40f7b282	GET	/users	http://localhost:3000
20230403	18:38:28	cb2e66ae-5fcc-49db-8e6f-d94ed5bc9f39	OPTIONS	/auth/logout	http://localhost:3000
20230403	18:38:28	fee1b700-db47-437f-9e9a-110766068e23	POST	/auth/logout	http://localhost:3000
20230403	18:38:41	e4cdd925-d7b7-4c0a-875f-3ba738de6c6b	OPTIONS	/auth	http://localhost:3000
20230403	18:38:41	8b2f454a-b1a8-4874-b796-34a7ee134c40	POST	/auth	http://localhost:3000
20230403	18:38:41	3312aa20-e3b3-4415-8350-2261911957fd	OPTIONS	/notes	http://localhost:3000
20230403	18:38:41	5044d476-e223-4e3c-8743-d576849bb150	OPTIONS	/users	http://localhost:3000
20230403	18:38:41	4467f688-ea9d-4067-9a69-0263a0f869ae	GET	/notes	http://localhost:3000
20230403	18:38:41	a817c207-d144-4a2f-b4f1-e4cba843bf2d	GET	/users	http://localhost:3000
20230403	18:41:29	ef82c16a-9694-4c7d-bd46-02989afad8d3	GET	/auth/refresh	http://localhost:3000
20230403	18:41:29	7fc44bc0-f358-41ce-a66c-06013f865d31	OPTIONS	/notes	http://localhost:3000
20230403	18:41:29	923fceaa-2435-4d51-bdea-095a4ce9becb	OPTIONS	/users	http://localhost:3000
20230403	18:41:29	034bc0d7-475f-4b68-8826-7f4f11666217	GET	/notes	http://localhost:3000
20230403	18:41:29	9e1ea95c-b62a-4e50-9d08-46e346ace565	GET	/users	http://localhost:3000
20230403	18:41:32	9999b363-cf3d-443c-8c88-775eb3af987b	OPTIONS	/auth/logout	http://localhost:3000
20230403	18:41:32	c800645c-c510-42a4-a088-197be0059ccf	POST	/auth/logout	http://localhost:3000
20230403	18:41:50	1991fd83-40b4-4921-861d-dd2026c79558	OPTIONS	/auth	http://localhost:3000
20230403	18:41:50	5a015311-6a82-4622-8169-fbdc772f8071	POST	/auth	http://localhost:3000
20230403	18:41:50	32254f08-a2c9-4938-acdf-d242afd7aca9	OPTIONS	/notes	http://localhost:3000
20230403	18:41:50	8683b0d1-f0a2-433e-b34a-a45a32c1efee	OPTIONS	/users	http://localhost:3000
20230403	18:41:50	9a6bc7b5-51dd-4bcf-b0b6-ad9417e3429a	GET	/notes	http://localhost:3000
20230403	18:41:50	f18f067f-442d-4525-ac6c-9227d91ad0b9	GET	/users	http://localhost:3000
20230403	18:41:59	8e1593f8-2396-4975-b7df-b9df88d6a559	OPTIONS	/notes	http://localhost:3000
20230403	18:42:00	c341114f-316e-469a-8407-7cbd9143b1eb	GET	/notes	http://localhost:3000
20230403	18:42:11	144a54b1-760a-446f-85a1-aac603e90c38	OPTIONS	/users	http://localhost:3000
20230403	18:42:11	fec8d76f-d4d2-43e4-a11f-975d9eaacc01	GET	/users	http://localhost:3000
20230403	18:42:25	2a47ef7e-3d69-4537-8b7f-d03008a42268	OPTIONS	/users	http://localhost:3000
20230403	18:42:25	9faec766-8dac-4f00-807c-52dad6fa1826	POST	/users	http://localhost:3000
20230403	18:42:26	748725d4-e16d-4c0b-8ae0-4d5cb5c4bab8	GET	/users	http://localhost:3000
20230403	18:42:26	7378ced0-c2a9-4328-9ef8-8ac00aa1f18f	GET	/users	http://localhost:3000
20230403	18:42:28	3d219506-eacd-46a0-8ebc-2ac1c173a580	GET	/users	http://localhost:3000
20230403	18:42:29	eaca5a6f-1805-4de6-888f-3756850f6495	GET	/users	http://localhost:3000
20230403	18:42:41	82bb60d0-7810-4f4e-a107-3b97c0b6f206	OPTIONS	/auth/logout	http://localhost:3000
20230403	18:42:41	bee7a7e5-a7bf-4fa7-91df-c1a08ef83bd1	POST	/auth/logout	http://localhost:3000
20230403	18:42:50	ce646e9e-31be-426a-a116-1c20c52cb2f5	OPTIONS	/auth	http://localhost:3000
20230403	18:42:50	54f2efbe-a338-4849-8a35-58aed5ffe80b	POST	/auth	http://localhost:3000
20230403	18:42:50	4c45f8c4-efb9-465f-9b88-5cf124493926	OPTIONS	/notes	http://localhost:3000
20230403	18:42:50	c6153e49-f847-43ac-8bc5-b1ff7cb7ada0	OPTIONS	/users	http://localhost:3000
20230403	18:42:50	7ecf4a25-dadb-4d91-a13a-f53c4e5f204a	GET	/notes	http://localhost:3000
20230403	18:42:50	1c9f5bcd-91f9-4cb6-8240-40b017fc5b3a	GET	/users	http://localhost:3000
20230403	18:42:57	e7badb02-54e7-4b2d-9ae9-2a8366217b44	OPTIONS	/users	http://localhost:3000
20230403	18:42:57	8abc32fe-d399-4626-b6fe-f0ac4b450c37	GET	/users	http://localhost:3000
20230403	18:43:02	0ebd1199-bc54-405f-b303-6e95684eace6	GET	/auth/refresh	http://localhost:3000
20230403	18:43:02	afe5da2a-a7d8-4e39-a290-41b00098037c	OPTIONS	/notes	http://localhost:3000
20230403	18:43:02	d1e725be-d925-45a4-8dd3-c0e2fc126aad	GET	/users	http://localhost:3000
20230403	18:43:02	3a1b4499-19e4-481f-b0e4-5146388e6a06	GET	/notes	http://localhost:3000
20230403	18:43:02	9ca5eda4-0f9b-42f8-87e9-cc6d8cf4499d	GET	/users	http://localhost:3000
20230403	18:43:04	1fa08737-864c-4906-bb40-7496be8ed257	OPTIONS	/auth/logout	http://localhost:3000
20230403	18:43:04	1d1869d8-f6d6-407f-8467-71d8ecbb51c9	POST	/auth/logout	http://localhost:3000
20230403	18:47:30	e0cb04ea-b930-4ae3-bb4e-12e65c645bac	OPTIONS	/auth	http://localhost:3000
20230403	18:47:30	d5df7960-9439-4bd1-a65d-0c168447e08c	POST	/auth	http://localhost:3000
20230403	18:47:30	d9868299-49f3-4e67-b78f-d0ae57b29a3d	OPTIONS	/notes	http://localhost:3000
20230403	18:47:30	32c463d3-9f5a-4397-a252-d7b544ff7eef	OPTIONS	/users	http://localhost:3000
20230403	18:47:30	514012e1-3dd0-4672-afac-cf773e35aab7	GET	/notes	http://localhost:3000
20230403	18:47:30	a7c7686e-9ab4-4c92-88ca-6567edcd709a	GET	/users	http://localhost:3000
20230403	18:47:39	9f254fd5-701d-43cb-af2d-bd50faa4a812	OPTIONS	/notes	http://localhost:3000
20230403	18:47:39	2d995001-a93e-4da2-9c45-b22bc28675ba	GET	/notes	http://localhost:3000
20230403	18:47:56	641659f3-9759-4432-a1f2-b1e0461e600b	OPTIONS	/notes	http://localhost:3000
20230403	18:47:56	4a7e0b7a-d587-4219-b353-b60d988f58d5	GET	/notes	http://localhost:3000
20230403	18:48:12	6d41be6b-8f9e-47ca-8c73-780e691a524f	OPTIONS	/notes	http://localhost:3000
20230403	18:48:12	aafe4944-476c-40a7-8e80-09acfb5f7ecb	GET	/notes	http://localhost:3000
20230403	18:48:35	976189ad-1923-4134-9e3d-534d0f130ade	OPTIONS	/notes	http://localhost:3000
20230403	18:48:35	6cddf770-be5d-4690-ac0f-f3826be18329	GET	/notes	http://localhost:3000
20230403	18:48:51	34f8cd1e-1a24-4fde-8a91-1ff1efb99f8b	OPTIONS	/notes	http://localhost:3000
20230403	18:48:51	4002f43d-93e0-4b9f-843c-400ab21fe89c	GET	/notes	http://localhost:3000
20230403	18:49:08	639bea13-b690-4d62-bc53-69a81ad3dde1	OPTIONS	/notes	http://localhost:3000
20230403	18:49:08	aaa73a08-1394-46cd-9da0-9a004992f0d3	GET	/notes	http://localhost:3000
20230403	18:49:40	419d9256-4512-4fe3-917a-77d6896ba1f2	OPTIONS	/notes	http://localhost:3000
20230403	18:49:40	3b270733-0c10-4ca7-bacf-e1cc0f817324	GET	/notes	http://localhost:3000
20230403	18:50:04	90e2b850-0085-4ce2-93f9-53e27cf2e628	OPTIONS	/notes	http://localhost:3000
20230403	18:50:04	3fe3e652-1e79-4593-83cc-93b88f6a0c6b	GET	/notes	http://localhost:3000
20230403	18:50:21	886dc2e1-e868-45a3-99ff-db20bffc5e51	OPTIONS	/notes	http://localhost:3000
20230403	18:50:21	4b3b8ead-3f76-4f71-bb72-6e53fbeccb8b	GET	/notes	http://localhost:3000
20230403	18:50:37	cfaaa698-92dc-4039-96a8-6b9d0e697219	OPTIONS	/notes	http://localhost:3000
20230403	18:50:37	a1059f03-a272-4818-aee9-0e5f156402fc	GET	/notes	http://localhost:3000
20230403	18:50:57	11e2bd38-b983-4527-b593-425ffa1773ec	OPTIONS	/notes	http://localhost:3000
20230403	18:50:57	c7aed0df-6ba6-438d-b1c7-89499d1effa0	GET	/notes	http://localhost:3000
20230403	18:51:21	7b2f3e38-21b1-4ea1-9c37-a964a1da0189	OPTIONS	/notes	http://localhost:3000
20230403	18:51:21	dd8688e8-e169-4866-a774-bcf321905335	GET	/notes	http://localhost:3000
20230403	18:51:23	dc23dbf7-8c1b-48c6-b8bd-9170ddde4e27	GET	/notes	http://localhost:3000
20230403	18:51:23	2c0e1ae3-ed06-476b-860a-ed5e1b597e3b	GET	/notes	http://localhost:3000
20230403	18:51:25	e9586007-68a1-4332-97df-03ec00770526	GET	/auth/refresh	http://localhost:3000
20230403	18:51:25	fdf8372b-3b30-4e5f-86e6-9ea05bda68b5	OPTIONS	/users	http://localhost:3000
20230403	18:51:25	ad88eeec-1849-49a9-91bd-cfe22f3bc4ad	GET	/notes	http://localhost:3000
20230403	18:51:25	f07a60f3-5295-4d03-829a-fc317995827a	GET	/users	http://localhost:3000
20230403	18:51:25	22a54a0f-39f8-4311-b65b-4df707eb1827	GET	/notes	http://localhost:3000
20230403	18:51:40	51039dcb-182b-41a6-9022-65b9f79b56a4	OPTIONS	/notes	http://localhost:3000
20230403	18:51:40	c3efc683-5dc8-4633-9cd6-04329c2a7fb9	GET	/notes	http://localhost:3000
20230403	18:51:40	53da20b0-ec7d-48e6-8706-1009da0e6018	GET	/notes	http://localhost:3000
20230403	18:51:56	4576847b-33a6-4757-b5df-116aa5278ac2	OPTIONS	/notes	http://localhost:3000
20230403	18:51:56	63dd4cb3-ba54-4387-bfa0-d0a3da7e0bf3	GET	/notes	http://localhost:3000
20230403	18:52:13	5d734bc6-1270-4ce4-bd7d-fb825482c671	OPTIONS	/notes	http://localhost:3000
20230403	18:52:13	ce3e32f0-8608-4ab2-afe0-c749274dc13c	GET	/notes	http://localhost:3000
20230403	18:52:28	3fc5c296-bb7c-4fef-9604-dccaeaec9a42	OPTIONS	/notes	http://localhost:3000
20230403	18:52:28	d015fa51-77f6-41a1-9517-5945bc664f99	GET	/notes	http://localhost:3000
20230403	18:52:46	ee4514f0-63f1-4d52-9934-d240be612d84	OPTIONS	/notes	http://localhost:3000
20230403	18:52:46	b8e37080-219d-4c93-975b-3425e8d62eff	GET	/notes	http://localhost:3000
20230403	18:53:10	9922bd95-50b1-424d-a393-d5655c23ef03	OPTIONS	/notes	http://localhost:3000
20230403	18:53:10	86754f70-7998-4b1d-89ac-b8e9fb451904	GET	/notes	http://localhost:3000
20230403	18:53:32	c07c38b3-fcf6-4280-98b0-89f229fcbb17	OPTIONS	/notes	http://localhost:3000
20230403	18:53:32	b84056b3-b34c-494f-b5b2-71e47c5e0cf5	GET	/notes	http://localhost:3000
20230403	18:53:56	7595cd76-0cc9-4656-8c17-b41850e4935c	OPTIONS	/notes	http://localhost:3000
20230403	18:53:56	473e512c-46f1-4ef1-b19c-76fe0aaa6b7d	GET	/notes	http://localhost:3000
20230403	18:54:19	d544b3e9-8589-4552-a320-1ee229bb5653	OPTIONS	/notes	http://localhost:3000
20230403	18:54:19	8a31b867-b1dd-461f-9869-1f605e2f8356	GET	/notes	http://localhost:3000
20230403	18:54:39	21af7f10-9923-4ba6-a64c-47f26564a1ea	OPTIONS	/notes	http://localhost:3000
20230403	18:54:39	b11812ed-cca9-4b1d-8ac5-f29646a5c4c0	GET	/notes	http://localhost:3000
20230403	18:54:42	ee274542-feae-416b-8b1f-bd9f6bda6112	GET	/notes	http://localhost:3000
20230403	18:54:49	adab1f75-24d3-42c5-acd5-fe381adf6220	OPTIONS	/notes	http://localhost:3000
20230403	18:54:49	060f3d30-0c26-438b-a94a-6b5c419c3207	GET	/notes	http://localhost:3000
20230403	18:55:17	269a8aa4-11d1-47f5-873c-77933c8ca65b	OPTIONS	/auth/logout	http://localhost:3000
20230403	18:55:17	73bcccce-f7f0-4c11-a4eb-54f73139139f	POST	/auth/logout	http://localhost:3000
20230403	18:55:26	eb0338b9-896c-4042-9a46-0dd042fbf7a0	OPTIONS	/auth	http://localhost:3000
20230403	18:55:26	e6282de2-9fc8-4074-9f4c-0041b76faf15	POST	/auth	http://localhost:3000
20230403	18:55:26	b20d6dea-4b5f-47a7-a63d-d156b94116a4	OPTIONS	/notes	http://localhost:3000
20230403	18:55:26	85b29c51-2eed-4a27-abb4-2f1f5dc369b5	OPTIONS	/users	http://localhost:3000
20230403	18:55:26	49e6f3b7-6b54-448c-99bf-5d5e6407677a	GET	/notes	http://localhost:3000
20230403	18:55:26	4274b3ec-a664-4bf9-b4b8-0272bcbef3f0	GET	/users	http://localhost:3000
20230403	18:55:42	f3b6ee78-ec82-44a9-91ee-9a673d2b9bd9	OPTIONS	/notes	http://localhost:3000
20230403	18:55:42	e1159322-1da5-4d8a-b16e-bf2d3f86f422	GET	/notes	http://localhost:3000
20230403	18:55:47	ea5b7100-c19f-42d6-8cfb-11a08f25a44f	OPTIONS	/notes	http://localhost:3000
20230403	18:55:47	271ab5df-efbe-4b45-a0ea-28038f9fd96d	GET	/notes	http://localhost:3000
20230403	18:55:59	6d3355db-5667-41dd-b811-699d18f9c1f1	OPTIONS	/auth/logout	http://localhost:3000
20230403	18:55:59	c6119605-dde8-4723-8ccc-b00c16b9ba9d	POST	/auth/logout	http://localhost:3000
20230404	09:26:34	5a7a87cd-76cf-4f29-9b50-24980db98135	OPTIONS	/auth	http://localhost:3000
20230404	09:26:34	6d4f450d-f6a9-4877-8854-9a7395a68046	POST	/auth	http://localhost:3000
20230404	09:26:34	208fa0cf-1e0a-4971-8e57-c1bcfc7dd07d	OPTIONS	/notes	http://localhost:3000
20230404	09:26:34	538ea021-f3d1-46bb-a286-a2778299583f	OPTIONS	/users	http://localhost:3000
20230404	09:26:34	5896d90e-a0d1-4b80-af8d-5415f6d6940f	GET	/notes	http://localhost:3000
20230404	09:26:34	7a42a416-c703-448f-84bc-ed30c4ece136	GET	/users	http://localhost:3000
20230404	09:26:44	0c47cbbc-0b97-4b00-b41e-b2043b6cfc92	OPTIONS	/users	http://localhost:3000
20230404	09:26:44	f636a9bc-1c42-4f93-9f98-3ba67a401d1d	GET	/users	http://localhost:3000
20230404	09:27:05	c45af3de-b6b7-4724-8ee4-1ad6b67114a7	OPTIONS	/users	http://localhost:3000
20230404	09:27:05	281650c5-fd41-48a2-8213-d076634f7cf5	DELETE	/users	http://localhost:3000
20230404	09:27:06	cc2e90e8-5efb-4a85-a606-89005f966162	GET	/users	http://localhost:3000
20230404	09:27:06	aadc6b2f-5653-4681-9658-e700c2936635	GET	/users	http://localhost:3000
20230404	09:27:18	1d2d1f56-bd71-42ad-a7c4-1631b8a6ffeb	OPTIONS	/auth/logout	http://localhost:3000
20230404	09:27:18	bde78875-6c4e-420c-a85d-2016b3c4a80a	POST	/auth/logout	http://localhost:3000
20230404	09:29:09	1c67871d-ab61-4151-9160-4f87603f12d1	OPTIONS	/auth	http://localhost:3000
20230404	09:29:09	a159e5d5-9875-4099-a5be-35c4269e068b	POST	/auth	http://localhost:3000
20230404	09:29:09	1e4ec2d7-253d-40ee-abc3-d5e02ed8c3db	OPTIONS	/notes	http://localhost:3000
20230404	09:29:09	2dd8c5d1-bc8e-4990-8749-f72232fefc26	OPTIONS	/users	http://localhost:3000
20230404	09:29:09	3cb36a98-a823-4e0d-b9b6-b7d43baf19f2	GET	/notes	http://localhost:3000
20230404	09:29:09	411a238a-5646-4d52-bd1d-217a00af90e5	GET	/users	http://localhost:3000
20230404	09:29:18	9d2c5229-1969-4660-9c5d-656a96c9094e	OPTIONS	/notes	http://localhost:3000
20230404	09:29:18	5469c701-9c10-4c22-88d6-134cc1ec8f2f	GET	/notes	http://localhost:3000
20230404	09:29:25	b5883a23-2c76-4b94-afa7-a9df32ae540b	OPTIONS	/notes	http://localhost:3000
20230404	09:29:25	f7b6a037-53ee-4168-8e50-fa3ad4c42132	GET	/notes	http://localhost:3000
20230404	09:29:34	fa7dc190-fb30-436e-b75f-39a0dc5574fa	OPTIONS	/notes	http://localhost:3000
20230404	09:29:34	b771f935-3d8c-4edb-9782-cf3b878c3783	GET	/notes	http://localhost:3000
20230404	09:29:34	edef18d0-fb1b-4900-9b5a-85dfae8b2142	GET	/notes	http://localhost:3000
20230404	09:35:39	1a536139-1308-4036-a5c5-cae01497db93	OPTIONS	/auth	http://localhost:3000
20230404	09:35:39	31dd5f13-69c6-45f1-8a7a-0e5c66d98140	POST	/auth	http://localhost:3000
20230404	09:35:39	6d54bc7d-b9d7-4d04-8bc0-722070f5f784	OPTIONS	/notes	http://localhost:3000
20230404	09:35:39	881d0228-8cfe-4dcb-90dd-f150bd435a9c	OPTIONS	/users	http://localhost:3000
20230404	09:35:39	366e524b-de37-4457-acdd-7a0086a4697d	GET	/notes	http://localhost:3000
20230404	09:35:39	ff8ea8b5-4948-4afc-b807-bd33593e7a69	GET	/users	http://localhost:3000
20230404	09:35:45	c2930036-d7da-46bc-92b0-74bf3330e44f	OPTIONS	/notes	http://localhost:3000
20230404	09:35:45	7b133fe3-d566-470e-aaed-4b2139020d68	GET	/notes	http://localhost:3000
20230404	09:35:58	fffab1da-bcd3-4cb6-84b2-86ef99a4f893	OPTIONS	/auth/logout	http://localhost:3000
20230404	09:35:58	77594dc4-935d-41da-9830-144909a3faeb	POST	/auth/logout	http://localhost:3000
20230404	09:36:08	482607b3-93a2-4b12-9c17-cce6eb5cdffb	OPTIONS	/auth	http://localhost:3000
20230404	09:36:08	80348d16-dcf8-40e9-a470-f89c09cef592	POST	/auth	http://localhost:3000
20230404	09:36:08	554fd0ba-5e03-4e1e-a13d-4792057d6f66	OPTIONS	/notes	http://localhost:3000
20230404	09:36:08	457b8ffe-2c70-4907-8471-918d43bedd95	OPTIONS	/users	http://localhost:3000
20230404	09:36:08	ac520feb-cca1-4e03-b4dd-67482ff35d6a	GET	/users	http://localhost:3000
20230404	09:36:08	4e4ff4c3-9539-4459-bb8b-a10dde3a0608	GET	/notes	http://localhost:3000
20230404	09:36:12	2be1e016-1f72-4d19-a4ef-f19b098eada3	GET	/notes	http://localhost:3000
20230404	09:36:49	8c59d2e6-73e6-4cf9-8d47-33d0c247355b	OPTIONS	/notes	http://localhost:3000
20230404	09:36:49	803c1f93-347a-483d-bc7e-2918bcf8c25e	GET	/notes	http://localhost:3000
20230404	09:37:05	71a7d6af-5137-4ebe-a981-f541760375ab	GET	/auth/refresh	http://localhost:3000
20230404	09:37:05	01b7834e-1fd9-40ad-bbb4-e142c713ee20	OPTIONS	/notes	http://localhost:3000
20230404	09:37:05	f627f96e-27ef-4dd1-8d95-2f5882a33968	OPTIONS	/users	http://localhost:3000
20230404	09:37:05	dff4a2dc-794b-473e-8156-a4bf2a70402f	GET	/notes	http://localhost:3000
20230404	09:37:05	22258809-4c4e-44d4-95ca-22dd81f4876e	GET	/users	http://localhost:3000
20230404	09:37:08	2d032852-c220-4835-a05f-edb0986e2a95	GET	/users	http://localhost:3000
20230404	09:37:13	806f45b5-7ec0-4831-ab5c-abee1c4b531a	OPTIONS	/users	http://localhost:3000
20230404	09:37:13	30e16da7-543c-45cd-bd13-873f0a6dd2a9	GET	/users	http://localhost:3000
20230404	09:37:25	678619d7-e00d-4534-bd92-cd66ab32271a	OPTIONS	/users	http://localhost:3000
20230404	09:37:25	d1e4cc91-17e2-48be-8f33-d57db2f144a9	POST	/users	http://localhost:3000
20230404	09:37:26	33b15c5f-694c-4632-9b5f-417489da1acc	GET	/users	http://localhost:3000
20230404	09:37:26	c37a1be7-ae4e-4897-bb03-ea6a782dc236	GET	/users	http://localhost:3000
20230404	09:37:28	76b7e083-2dd0-4731-8f7e-4934c2fc63ed	GET	/users	http://localhost:3000
20230404	09:37:29	08d3a9a1-803a-459c-a3ed-7527d4639ae9	GET	/users	http://localhost:3000
20230404	09:38:07	6f72f153-dbc0-4223-b85a-bb9e83a60f3e	OPTIONS	/notes	http://localhost:3000
20230404	09:38:07	9320b37b-4d19-44a6-9ba4-4713b2e57002	POST	/notes	http://localhost:3000
20230404	09:38:08	9eb42ff3-deed-4c00-805d-1140d08bb991	GET	/notes	http://localhost:3000
20230404	09:38:08	5c4f451f-f99a-4a22-a686-9f5b06cb5cfc	GET	/notes	http://localhost:3000
20230404	09:38:23	41bf1fff-5cb8-4190-8525-9173c96fd7d4	OPTIONS	/notes	http://localhost:3000
20230404	09:38:23	a93d5b48-4cc2-4b35-8cb7-01745f30b9ca	GET	/notes	http://localhost:3000
20230404	09:51:25	83dd2dc8-ed08-4b12-b03c-b585893dbf90	OPTIONS	/users	http://localhost:3000
20230404	09:51:25	6db9fd90-1e1b-4314-aa9f-9026a5313bd3	GET	/users	http://localhost:3000
20230404	09:51:38	a64abb2b-4d68-4337-ac86-bbe888130c62	OPTIONS	/users	http://localhost:3000
20230404	09:51:38	719bb3fc-6c02-4156-9c67-90e0be1d8964	PATCH	/users	http://localhost:3000
20230404	09:51:38	191e7955-1b14-41c3-92d6-6f0c874da511	GET	/users	http://localhost:3000
20230404	09:51:38	899c3cb7-7b59-4a65-952c-c9f7db3eb816	GET	/users	http://localhost:3000
20230404	09:51:41	98b694b2-b87f-4a2a-a3c9-dcbd47845f62	GET	/users	http://localhost:3000
20230404	09:51:42	3e9abfa6-0b60-41fb-8291-e09095118743	GET	/users	http://localhost:3000
20230404	09:52:45	cd7390fc-546f-4cc2-b6ad-bc4740894ef0	OPTIONS	/users	http://localhost:3000
20230404	09:52:45	1a5b40a5-7849-4e3c-8f5c-1b2d5a9e3c9d	GET	/users	http://localhost:3000
20230404	09:52:45	4df209eb-291f-461c-96da-d0344b5808ae	OPTIONS	/auth/refresh	http://localhost:3000
20230404	09:52:45	2822ab52-d736-4952-a27a-949c7e20d2fe	GET	/auth/refresh	http://localhost:3000
20230404	09:52:45	abc63b03-adc5-4ba2-9a7a-d4467973d199	GET	/users	http://localhost:3000
20230404	09:53:48	0b64d129-2fcc-4284-8333-4cda08954545	OPTIONS	/users	http://localhost:3000
20230404	09:53:48	d9234107-ba14-4619-8649-a4ad5fc6b365	GET	/users	http://localhost:3000
20230404	09:54:54	0deba40c-e4e0-4a7c-873a-c716857805e6	OPTIONS	/users	http://localhost:3000
20230404	09:54:54	1be71a69-8bb8-4c83-960e-46fa3cd7f1d1	GET	/users	http://localhost:3000
20230404	09:56:02	5316f3c3-b5ef-480f-b14f-28e5addac386	OPTIONS	/users	http://localhost:3000
20230404	09:56:02	beb98833-11b8-452e-88dc-f1862c2ebe0f	GET	/users	http://localhost:3000
20230404	09:57:11	2d226ad7-f41d-4a57-9abe-5eefb3e33532	OPTIONS	/users	http://localhost:3000
20230404	09:57:11	fd64cb85-48c6-40c3-81fd-15a83ca84145	GET	/users	http://localhost:3000
20230404	09:58:11	1d20eea2-a57c-46c2-9ece-0a36f632380e	OPTIONS	/users	http://localhost:3000
20230404	09:58:11	1949a34f-599f-4273-a896-4cdba7d72966	GET	/users	http://localhost:3000
20230404	09:59:41	39a287fd-870d-41a2-bd01-0010739e7bda	OPTIONS	/users	http://localhost:3000
20230404	09:59:41	2d919d07-4282-4990-8b01-324d0d6f41b7	GET	/users	http://localhost:3000
20230404	10:00:42	fc7597f1-4a15-4012-984f-b5afcc3aef69	OPTIONS	/users	http://localhost:3000
20230404	10:00:42	458cb6b4-69bf-4c39-9abf-7ac37ee3c009	GET	/users	http://localhost:3000
20230404	10:02:12	890a9d96-5746-4012-8311-9e7d32c62029	OPTIONS	/users	http://localhost:3000
20230404	10:02:12	c47dc8b4-8593-414b-b796-4243eef1844f	GET	/users	http://localhost:3000
20230404	10:03:42	1fd0cb0b-37a4-4992-b9b4-2f5d54daea43	OPTIONS	/users	http://localhost:3000
20230404	10:03:42	d70be1b9-41f0-4f7f-abfb-0f01a83dc9ba	GET	/users	http://localhost:3000
20230404	10:04:45	b2fe266d-48dd-454d-ab0c-a90336d0b769	OPTIONS	/users	http://localhost:3000
20230404	10:04:45	5345aa1c-0a1e-4175-b304-841ad4f353bd	GET	/users	http://localhost:3000
20230404	10:06:15	826bafc3-61c4-4c4d-bbc7-69db628dc507	OPTIONS	/users	http://localhost:3000
20230404	10:06:15	b09a0c95-b553-4d26-9748-2aa6dd29a38a	GET	/users	http://localhost:3000
20230404	10:07:44	7d3646b1-b5bb-4d3f-a79d-0f1949a653d5	OPTIONS	/users	http://localhost:3000
20230404	10:07:44	a37954dd-7154-4c19-9cb9-ee16e8262e7a	GET	/users	http://localhost:3000
20230404	10:08:45	e53cf8b8-ffe3-4442-aa04-72f5a7d6c958	OPTIONS	/users	http://localhost:3000
20230404	10:08:45	9ddac64a-54be-4242-af70-56503153334d	GET	/users	http://localhost:3000
20230404	10:08:45	e9a2efed-8736-4887-82f2-7f9809e86e71	OPTIONS	/auth/refresh	http://localhost:3000
20230404	10:08:45	e542b9e0-19e9-4898-b5b5-2f6ed265e833	GET	/auth/refresh	http://localhost:3000
20230404	10:08:45	8588d9ff-d6f4-43a0-9036-4f4f1405f344	GET	/users	http://localhost:3000
20230404	10:56:12	5f697d0a-01f4-4e18-a7bc-470748dcff29	OPTIONS	/users	http://localhost:3000
20230404	10:56:12	91c2a85f-031b-440d-9e07-78d9365b27ae	GET	/users	http://localhost:3000
20230404	10:56:12	08570bf9-3b44-45e9-af38-81d156e0cc50	OPTIONS	/auth/refresh	http://localhost:3000
20230404	10:56:12	353e19cc-34bb-4f33-8f96-4c9788de2107	GET	/auth/refresh	http://localhost:3000
20230404	10:56:12	88319ebd-4e88-4a2d-a243-8a009656a5da	GET	/users	http://localhost:3000
20230404	12:15:32	ad469703-c51d-468c-b096-76d315c53578	OPTIONS	/users	http://localhost:3000
20230404	12:15:32	c830aeaa-dd36-4689-8f05-bc668bb79c2e	GET	/users	http://localhost:3000
20230404	12:15:32	0025e18e-2277-48de-be24-80fd068c1f78	OPTIONS	/auth/refresh	http://localhost:3000
20230404	12:15:32	49822382-a892-482a-abc0-6a4bc2f1ed3b	GET	/auth/refresh	http://localhost:3000
20230404	12:15:33	3bc47374-21b9-4a1d-90ee-6663ddc6e475	GET	/users	http://localhost:3000
20230404	12:16:55	15a3cded-154c-4bc3-aa9c-9327df078829	OPTIONS	/users	http://localhost:3000
20230404	12:16:55	a52a5d13-d737-4ee5-a70b-6168c25cbeec	GET	/users	http://localhost:3000
20230404	12:17:56	433c758c-e1d4-4750-bc22-df51de26f98f	OPTIONS	/users	http://localhost:3000
20230404	12:17:56	4f99ecc5-362d-4ed2-a3e9-bf5e284940fb	GET	/users	http://localhost:3000
20230404	12:18:25	17cfcfb6-8236-4752-ad0a-2f0b0ae99424	OPTIONS	/users	http://localhost:3000
20230404	12:18:25	7f963dbc-685d-48c9-8d4f-7ee341e32339	GET	/users	http://localhost:3000
20230404	12:18:26	f63fdc06-b1ec-4268-bd36-0b2f2ef7e46b	GET	/users	http://localhost:3000
20230404	13:10:44	2b5627f3-cb3a-49ce-9dc7-c13332cbb615	OPTIONS	/notes	http://localhost:3000
20230404	13:10:44	65899f87-dcdc-4b18-b9a5-a064ee4d7fff	GET	/notes	http://localhost:3000
20230404	13:10:44	c4ea6b4a-3fd9-4dcf-91bd-42f81dc1013f	OPTIONS	/auth/refresh	http://localhost:3000
20230404	13:10:44	c487e288-e2d8-4acc-b61d-480256c6a97e	GET	/auth/refresh	http://localhost:3000
20230404	13:10:44	07cf7885-5637-4589-b3bd-c63c5c6ee7e4	GET	/notes	http://localhost:3000
20230404	13:15:35	543fab5f-5990-4e4e-87da-3b9fe8504e56	OPTIONS	/notes	http://localhost:3000
20230404	13:15:35	4849f763-ca4e-4bd5-82bf-b42dd18008d3	GET	/notes	http://localhost:3000
20230404	13:21:29	4ad96cc1-d574-4fcd-868b-98edfcf53c9d	GET	/auth/refresh	http://localhost:3000
20230404	13:21:29	ce78cef7-cea6-44a5-9109-b6af5568066a	OPTIONS	/notes	http://localhost:3000
20230404	13:21:29	bccb4ba7-4213-4f2c-855e-51ff6eb949dd	OPTIONS	/users	http://localhost:3000
20230404	13:21:29	1574a7af-ebc5-424c-8b09-f2d038703089	GET	/notes	http://localhost:3000
20230404	13:21:29	e2f816b2-5f8e-4456-b269-3d39f2b11b3a	GET	/users	http://localhost:3000
20230404	16:14:00	a0098e74-eb6d-497a-a947-0f4164555c43	GET	/auth/refresh	http://localhost:3000
20230404	16:14:00	949f53a6-7540-448c-8033-d6bc81629d0e	OPTIONS	/users	http://localhost:3000
20230404	16:14:00	f7c38eb3-6b52-4cb2-b7c3-a271659c8833	OPTIONS	/notes	http://localhost:3000
20230404	16:14:00	582d87b5-57a9-46fa-b408-000af8bad0b9	OPTIONS	/users	http://localhost:3000
20230404	16:14:00	0ad946ce-0369-4ea2-8893-905247a3f1cd	GET	/users	http://localhost:3000
20230404	16:14:00	643c0161-3168-4feb-bf57-8dda6cba5bb5	GET	/notes	http://localhost:3000
20230404	16:14:00	50c5b189-056d-4960-8966-86bc7120b116	GET	/users	http://localhost:3000
20230404	16:14:05	eebf3f09-8f20-4e31-b6b3-0f2291ecaa46	OPTIONS	/users	http://localhost:3000
20230404	16:14:05	1bb09f6a-87b6-4831-ada4-bb9ee0062ae1	GET	/users	http://localhost:3000
20230404	16:15:07	5a4e0ad1-2c28-4e3d-9d49-dcff454c89a1	OPTIONS	/users	http://localhost:3000
20230404	16:15:07	22b7618e-896f-498b-91a7-6e42cfbd27b4	GET	/users	http://localhost:3000
20230404	16:16:20	189c2fcd-3098-4857-8b3c-95a81240eb0b	OPTIONS	/users	http://localhost:3000
20230404	16:16:20	5d9407ee-563e-4ac5-b0a2-5afbc08032c4	GET	/users	http://localhost:3000
20230404	16:17:21	c5fbd7d8-eb94-4999-8bcf-160428980551	OPTIONS	/users	http://localhost:3000
20230404	16:17:21	d686064d-38de-4d22-904c-ca583373ea74	GET	/users	http://localhost:3000
20230404	16:18:49	ef11b0a3-3ae5-4930-9c9b-87f16afe3b18	OPTIONS	/users	http://localhost:3000
20230404	16:18:49	849a3027-6961-4b07-bdfb-be6ec51e153f	GET	/users	http://localhost:3000
20230404	16:19:26	c4ab0bf7-3715-4155-b042-29b8702f3582	OPTIONS	/users	http://localhost:3000
20230404	16:19:26	d1d0bf89-d3d7-4ebd-990f-d1400dcf3ac4	GET	/users	http://localhost:3000
20230404	16:19:27	ad828d2b-da06-4dc9-9555-840b1004340e	GET	/users	http://localhost:3000
20230404	16:20:44	0364be6a-adc8-4637-ad51-3dcfc92c3f6c	OPTIONS	/users	http://localhost:3000
20230404	16:20:44	c3975cc1-bea9-41cf-8567-f5e3707155cc	GET	/users	http://localhost:3000
20230404	16:21:48	5d712829-af32-49c3-85e3-c18db2af3aba	OPTIONS	/users	http://localhost:3000
20230404	16:21:48	ac86ed85-a86f-4c91-975b-ccc9fba20f2f	GET	/users	http://localhost:3000
20230404	16:23:12	48b7603d-d6ad-4420-b5ce-f5b4fdfc5182	OPTIONS	/users	http://localhost:3000
20230404	16:23:12	0905cc19-a976-4f7b-aacc-87004553308f	GET	/users	http://localhost:3000
20230404	16:24:41	1d48c506-fcf9-4571-aa02-0cbf79409c2f	OPTIONS	/users	http://localhost:3000
20230404	16:24:41	817c05ad-f980-468f-a5c0-d27843f6db4c	GET	/users	http://localhost:3000
20230404	16:25:49	805263bc-0b09-4a21-9406-327915d4c4e7	OPTIONS	/users	http://localhost:3000
20230404	16:25:49	46a7f13a-950e-4ebe-83ca-f8fd01870c4a	GET	/users	http://localhost:3000
20230404	16:27:18	3db743a2-3961-48e4-b902-2d110ce91539	OPTIONS	/users	http://localhost:3000
20230404	16:27:18	2a40bbf9-f27d-410b-af09-22820dc966b7	GET	/users	http://localhost:3000
20230404	16:28:27	8d26a683-9f5c-43c0-a30f-1b3daaf8ba5c	OPTIONS	/users	http://localhost:3000
20230404	16:28:27	b4a19038-ab2f-4616-8b86-7d88a25af81d	GET	/users	http://localhost:3000
20230404	16:29:49	7ec63da4-4983-49ff-a208-4c18ae4e51a7	OPTIONS	/users	http://localhost:3000
20230404	16:29:49	002d432e-cc18-4108-b7bb-1a8463fe74de	GET	/users	http://localhost:3000
20230404	16:29:49	11d6a1f3-0d6e-42fa-823e-c6636e9547af	OPTIONS	/auth/refresh	http://localhost:3000
20230404	16:29:49	5792c730-f829-4515-a2e4-c0510350f7ee	GET	/auth/refresh	http://localhost:3000
20230404	16:29:49	bf88e9f7-e880-4233-8623-85f8f580dd29	GET	/users	http://localhost:3000
20230404	16:31:11	7c6a235e-c251-453b-8009-849ee27b511e	OPTIONS	/users	http://localhost:3000
20230404	16:31:11	fa0be910-2ee1-41bf-b755-bdc0178d6a86	GET	/users	http://localhost:3000
20230404	16:32:41	c3345f7d-d33b-4a77-8dac-ee8e37859586	OPTIONS	/users	http://localhost:3000
20230404	16:32:41	7bcc8e1f-9bbb-4419-8766-b9831cae80a9	GET	/users	http://localhost:3000
20230404	16:33:49	bb2c9666-b598-4406-96a9-5b4b286c3b7c	OPTIONS	/users	http://localhost:3000
20230404	16:33:49	2eb735b0-d3ad-4b6f-8941-193a2645f164	GET	/users	http://localhost:3000
20230404	16:34:51	e1fbf507-1d27-4005-ab38-e48e0c81fa58	OPTIONS	/users	http://localhost:3000
20230404	16:34:51	4a4fecf1-92d4-4c54-910f-aece8d64ecb0	GET	/users	http://localhost:3000
20230404	16:36:17	9cbc1c76-da1f-44c8-9113-c349ca9e42f7	OPTIONS	/users	http://localhost:3000
20230404	16:36:17	1019adb6-b030-49db-ad04-248c076229ab	GET	/users	http://localhost:3000
20230404	16:37:47	8fa9c202-f0fd-4c7a-9b50-224af84fcdad	OPTIONS	/users	http://localhost:3000
20230404	16:37:47	37869ade-8f10-4be9-8e8e-2c4fb3df7f2a	GET	/users	http://localhost:3000
20230404	16:39:17	c6c391ec-914a-436d-b02e-dc64e68876f6	OPTIONS	/users	http://localhost:3000
20230404	16:39:17	eae344dd-4dc7-40ca-b919-34cf14105012	GET	/users	http://localhost:3000
20230404	16:40:47	c4df16c4-65b4-41a4-9ff1-99acb171f29d	OPTIONS	/users	http://localhost:3000
20230404	16:40:47	078c290d-cc3a-4495-a02b-d9afe5a3f600	GET	/users	http://localhost:3000
20230404	16:57:57	68f8dc3a-89d5-4a17-97bb-7ba344be9954	OPTIONS	/users	http://localhost:3000
20230404	16:57:57	c0902153-4f84-4199-9adb-d9c5a86ead84	GET	/users	http://localhost:3000
20230404	16:57:57	08d4d5b2-912d-4525-a96c-3450a8d8bbcf	OPTIONS	/auth/refresh	http://localhost:3000
20230404	16:57:57	c7b9ba76-b6ca-441d-86c7-88e3813ac562	GET	/auth/refresh	http://localhost:3000
20230404	16:57:58	c7f22332-2bf4-4ded-b0d9-03aa0fb6d720	GET	/users	http://localhost:3000
20230404	16:59:20	d2032696-4ed4-4abb-91da-37d2898b6349	OPTIONS	/users	http://localhost:3000
20230404	16:59:20	7db1926f-f977-4d5f-a95e-262c61910c63	GET	/users	http://localhost:3000
20230404	17:03:53	84310b1d-7b1e-4219-b429-23e599a5a3ad	OPTIONS	/users	http://localhost:3000
20230404	17:03:53	3356e9e5-6e0c-4a38-b766-8937f08f76f4	GET	/users	http://localhost:3000
20230404	17:05:02	9e4aeb34-3c9b-40ce-be91-db1c888b1142	OPTIONS	/users	http://localhost:3000
20230404	17:05:02	351cfaec-8c1a-4545-b5cb-a860b32df3cd	GET	/users	http://localhost:3000
20230404	17:06:32	73f3f30f-a691-42e6-81ec-1b57a3b00c13	OPTIONS	/users	http://localhost:3000
20230404	17:06:32	148e9df0-82c7-42e9-b590-e095279a9637	GET	/users	http://localhost:3000
20230404	17:08:02	5a404e4f-341d-4f09-b8b1-2ed0d9e68520	OPTIONS	/users	http://localhost:3000
20230404	17:08:02	ef297846-bf0f-49fc-814c-a60572947a4a	GET	/users	http://localhost:3000
20230404	17:09:25	f330726e-9cf3-41dd-81c9-9c8b3cbcc8d8	OPTIONS	/users	http://localhost:3000
20230404	17:09:25	a2dfa4fe-966c-4dd7-9706-e454cd5b6473	GET	/users	http://localhost:3000
20230404	17:10:55	4c85f4bc-847b-438c-b255-c76f1f1a1793	OPTIONS	/users	http://localhost:3000
20230404	17:10:55	566301d5-adf1-475f-96f9-c0830a364a70	GET	/users	http://localhost:3000
20230404	17:12:25	5af8b706-5b4a-4941-ac67-25a38658c95d	OPTIONS	/users	http://localhost:3000
20230404	17:12:25	a6cb753a-65df-4f2a-baeb-2dcf435c9c6b	GET	/users	http://localhost:3000
20230404	17:13:26	c3ef173e-897d-4b62-bdee-751820092635	OPTIONS	/users	http://localhost:3000
20230404	17:13:26	288b4e1b-a006-46d5-825a-8d4c70ada814	GET	/users	http://localhost:3000
20230404	17:13:26	21b18d26-c4f8-40ce-aebf-29b251bfc8cd	OPTIONS	/auth/refresh	http://localhost:3000
20230404	17:13:26	43b76eba-2bf1-4233-b646-e11e25e9c191	GET	/auth/refresh	http://localhost:3000
20230404	17:13:26	931396ba-ae42-4426-b828-848f5784f413	GET	/users	http://localhost:3000
20230404	17:14:47	76204efa-d6a3-4d76-8105-a868ea4ea82a	OPTIONS	/users	http://localhost:3000
20230404	17:14:47	7430e805-54c7-4d47-9bbe-b6140aca3d6a	GET	/users	http://localhost:3000
20230404	17:16:17	9971d126-0726-4c1f-8db1-532cec9049ec	OPTIONS	/users	http://localhost:3000
20230404	17:16:17	9799b12c-5c2f-400a-9ece-4ab12fcda1d8	GET	/users	http://localhost:3000
20230404	17:17:25	419d4e12-8cb7-46db-aaf3-38405a70f50f	OPTIONS	/users	http://localhost:3000
20230404	17:17:25	8c035819-9e5c-4ccb-b69d-e40c8e00b7b0	GET	/users	http://localhost:3000
20230404	17:18:55	80a6b717-f09f-453d-bfc6-ba66f6ec1e3b	OPTIONS	/users	http://localhost:3000
20230404	17:18:55	9420ede6-ed70-4546-8a4b-5937bbbcfd81	GET	/users	http://localhost:3000
20230404	17:20:25	a2759f5b-ec4e-46d0-8f0b-9b6471ab0930	OPTIONS	/users	http://localhost:3000
20230404	17:20:25	865f5f3e-8753-4339-96a1-a44dbb9c533f	GET	/users	http://localhost:3000
20230404	17:21:26	141e95ba-1332-4154-a0d6-98a6750227b4	OPTIONS	/users	http://localhost:3000
20230404	17:21:26	6da057d6-fa08-4f75-8d84-239e428b9304	GET	/users	http://localhost:3000
20230404	17:22:55	f97b8dd2-4669-46a5-9b25-a874ba6c2e42	OPTIONS	/users	http://localhost:3000
20230404	17:22:55	9302e8b4-5af0-4fb4-8dbd-ed1306fb027d	GET	/users	http://localhost:3000
20230404	17:24:25	1f03a5ae-b83f-4645-8b0e-ed489cdc8a02	OPTIONS	/users	http://localhost:3000
20230404	17:24:25	f01f57f7-e9e2-499f-94a3-991e54d0b435	GET	/users	http://localhost:3000
20230404	17:25:25	1a02e089-b77f-44a7-97d9-978650237408	OPTIONS	/users	http://localhost:3000
20230404	17:25:25	d10000d6-5855-452b-b32f-51d664ee2ff0	GET	/users	http://localhost:3000
20230404	17:26:55	db4108d9-1752-4355-8e3b-8b7b170b2d57	OPTIONS	/users	http://localhost:3000
20230404	17:26:55	87649e29-951a-43fa-bc7c-7ce8801ba68f	GET	/users	http://localhost:3000
20230404	17:28:25	6cb30208-d008-4ffc-a1d9-bc6b08360acf	OPTIONS	/users	http://localhost:3000
20230404	17:28:25	b19966ec-c044-429f-a8f5-982e7671f366	GET	/users	http://localhost:3000
20230404	17:29:26	9d3774f6-1d4a-4234-8c2c-1ac2204f3b14	OPTIONS	/users	http://localhost:3000
20230404	17:29:26	cee1efe8-8627-4b55-853e-4355e562e9f2	GET	/users	http://localhost:3000
20230404	17:29:26	cd3165e7-617c-44e3-a94f-f6ebd303eb92	OPTIONS	/auth/refresh	http://localhost:3000
20230404	17:29:26	84ee51d4-00f2-42cc-b192-211a543bfccb	GET	/auth/refresh	http://localhost:3000
20230404	17:29:26	895c6000-c840-4306-9094-9c80a896c0ba	GET	/users	http://localhost:3000
20230404	17:30:48	e0adceeb-84db-4a4c-9558-c15c14703a9b	OPTIONS	/users	http://localhost:3000
20230404	17:30:48	20b1689c-00e1-4a83-a33e-1b898b165873	GET	/users	http://localhost:3000
20230404	17:32:17	4fbddf94-163e-4530-917c-df7a6e694cfe	OPTIONS	/users	http://localhost:3000
20230404	17:32:17	a1b0af9c-f1c6-4509-a208-4a2ee32dd693	GET	/users	http://localhost:3000
20230404	17:33:25	256bc3ad-0cd9-4948-ad8b-8663ae0ea55d	OPTIONS	/users	http://localhost:3000
20230404	17:33:25	dbdf47e6-2a9c-4f5c-869b-1cd2346b9f2d	GET	/users	http://localhost:3000
20230404	17:34:55	34b7fa0c-07e3-45fe-9892-fc07be79ca80	OPTIONS	/users	http://localhost:3000
20230404	17:34:55	8657dbc1-a4af-41ec-8f38-61343e92d865	GET	/users	http://localhost:3000
20230404	17:36:25	2b6cec31-c86f-4dde-8a83-c5b21f45f1fb	OPTIONS	/users	http://localhost:3000
20230404	17:36:25	23355949-f7d8-4486-b6f6-ab09357af14f	GET	/users	http://localhost:3000
20230404	17:37:26	4d28630b-7177-4cf0-b9a5-c6c23057c38c	OPTIONS	/users	http://localhost:3000
20230404	17:37:26	443e43a0-2b81-4aff-8ca0-fa2b2f24f15e	GET	/users	http://localhost:3000
20230404	17:38:55	29598258-4699-4728-8193-1d34db7c4e2a	OPTIONS	/users	http://localhost:3000
20230404	17:38:55	da415bac-96ec-4c22-907e-44ab3c3ddb63	GET	/users	http://localhost:3000
20230404	17:40:25	33662299-1ab7-4365-8130-e35a35783ec7	OPTIONS	/users	http://localhost:3000
20230404	17:40:25	3347b94c-d86a-4b56-a499-05e6ca326551	GET	/users	http://localhost:3000
20230404	17:41:25	0787c07f-b70f-4c9f-944f-d0aeac38a023	OPTIONS	/users	http://localhost:3000
20230404	17:41:25	cc790cde-698b-441d-af4f-db84016aec1c	GET	/users	http://localhost:3000
20230404	17:42:55	5e4d4f7a-ec12-40fb-86d6-d67d4443414a	OPTIONS	/users	http://localhost:3000
20230404	17:42:55	9d15a5fd-a73a-4587-8720-0ebfe5b5ba0c	GET	/users	http://localhost:3000
20230404	17:44:24	8cde9b96-ab0d-4b89-a3d0-445cec3f0c86	OPTIONS	/users	http://localhost:3000
20230404	17:44:24	c9e0e840-a671-432e-880a-e2aa25e4e932	GET	/users	http://localhost:3000
20230404	17:45:25	e07ea644-dfb1-4c15-98c4-c1bfc4851e4c	OPTIONS	/users	http://localhost:3000
20230404	17:45:25	fd5601c9-9a55-4797-9425-485f1a9b8ea8	GET	/users	http://localhost:3000
20230404	17:45:26	4295cbb5-9118-4c21-8456-9ae71087bd29	OPTIONS	/auth/refresh	http://localhost:3000
20230404	17:45:26	303f8571-03a7-4e0e-93cc-42cc45aeab75	GET	/auth/refresh	http://localhost:3000
20230404	17:45:26	dd0619b3-67b7-4132-8cfa-3afbc075ba91	GET	/users	http://localhost:3000
20230404	17:46:48	6d42fae8-785f-492c-b17c-757f07bbde33	OPTIONS	/users	http://localhost:3000
20230404	17:46:48	d006ba6d-0f01-4022-bad8-c27c8fd76ed2	GET	/users	http://localhost:3000
20230404	17:48:18	4eeddccf-e244-4e79-89ef-7a2948e12912	OPTIONS	/users	http://localhost:3000
20230404	17:48:18	3211e604-8dcc-4f0a-b0ca-f0218e15af06	GET	/users	http://localhost:3000
20230404	17:49:25	e14ef5ad-5a4d-468a-b8ae-a8336dad2540	OPTIONS	/users	http://localhost:3000
20230404	17:49:25	639b79c0-7a32-4f11-9ed5-e67df1288775	GET	/users	http://localhost:3000
20230404	17:50:55	62565c52-18ce-4131-97ca-387f2a45f80a	OPTIONS	/users	http://localhost:3000
20230404	17:50:55	310a94dd-f8f1-46c6-bdf5-9c5a156894c2	GET	/users	http://localhost:3000
20230404	17:52:25	b36dfd18-3dc7-4d2b-a488-2707de11bc32	OPTIONS	/users	http://localhost:3000
20230404	17:52:25	c9c5d2d2-fb0d-42d6-ba6e-8272a5484141	GET	/users	http://localhost:3000
20230404	17:53:26	002b293a-5b30-44ce-84e6-e339de35fa6d	OPTIONS	/users	http://localhost:3000
20230404	17:53:26	a458c42e-9d4f-4837-aa52-357633c1cd6b	GET	/users	http://localhost:3000
20230404	17:54:55	c0320d48-b778-426c-b16a-10eefa686929	OPTIONS	/users	http://localhost:3000
20230404	17:54:55	aea77840-3e7a-4ae7-ae8b-9cc780e046c0	GET	/users	http://localhost:3000
20230404	17:56:25	e56e1395-a487-454b-9c52-b2bf28812ac9	OPTIONS	/users	http://localhost:3000
20230404	17:56:25	44ee2cb3-b671-49f6-8ef5-fffc274add6d	GET	/users	http://localhost:3000
20230404	17:57:26	25de177b-814a-4f9b-93a4-8d2ca6a0269f	OPTIONS	/users	http://localhost:3000
20230404	17:57:26	0563c868-f8d5-4de9-a956-ddeb11161e95	GET	/users	http://localhost:3000
20230404	17:58:55	297fd89f-f4db-44e6-a416-20392f5d65af	OPTIONS	/users	http://localhost:3000
20230404	17:58:55	fc7504ed-9b44-451b-9583-32aefb29bdca	GET	/users	http://localhost:3000
20230404	18:00:07	7b2f57f8-7eb0-4a96-8352-cd68e851d59c	OPTIONS	/users	http://localhost:3000
20230404	18:00:07	97d59e4a-4447-4f01-8d24-c16a45d0beaa	GET	/users	http://localhost:3000
20230404	18:01:25	c2e5e2c4-63db-4e84-8e3c-e9d2110529cb	OPTIONS	/users	http://localhost:3000
20230404	18:01:25	51221092-124d-4d6c-be46-1a8d2199758f	GET	/users	http://localhost:3000
20230404	18:01:25	8adbf932-7e21-41c8-973f-54b733d625d7	OPTIONS	/auth/refresh	http://localhost:3000
20230404	18:01:25	40a79e85-73ec-44c7-a5aa-7edb1a64907c	GET	/auth/refresh	http://localhost:3000
20230404	18:01:26	42984d8f-66d4-4bf6-99f5-daead00e77f1	GET	/users	http://localhost:3000
20230404	18:02:48	31cd291c-7a3a-4d92-9a7f-11c2a293dbde	OPTIONS	/users	http://localhost:3000
20230404	18:02:48	4233109d-6a28-44a7-b438-daf7d3aa524f	GET	/users	http://localhost:3000
20230404	18:04:18	0afcb69d-e301-4551-9af0-5ed07b65be36	OPTIONS	/users	http://localhost:3000
20230404	18:04:18	a2d3c01f-403d-4e07-8517-b01e277106b6	GET	/users	http://localhost:3000
20230404	18:05:25	8477d197-c4fa-45c0-97ec-7be1a9c486a3	OPTIONS	/users	http://localhost:3000
20230404	18:05:25	4e7093ba-13a7-4fc3-8c95-c7665009096f	GET	/users	http://localhost:3000
20230404	18:06:55	542abc5e-7359-4ee5-a1d6-f863153485b0	OPTIONS	/users	http://localhost:3000
20230404	18:06:55	e9980bc1-0183-4e0e-a5df-a157410f9552	GET	/users	http://localhost:3000
20230404	18:08:25	dfc83da9-d26c-486d-bc47-cbb86ee6d85e	OPTIONS	/users	http://localhost:3000
20230404	18:08:25	9b219b61-5d5d-45e7-b9ae-8169c976fd87	GET	/users	http://localhost:3000
20230404	18:09:26	114a1fcf-2556-43b8-8c43-6cc457918046	OPTIONS	/users	http://localhost:3000
20230404	18:09:26	9a893b35-ad4c-4ad1-b896-3100ba347385	GET	/users	http://localhost:3000
20230404	18:10:55	ae1f9f59-d16d-4a75-86da-2bc2891962a2	OPTIONS	/users	http://localhost:3000
20230404	18:10:55	e35648a2-2ec1-423b-9f40-d8367c2cdedc	GET	/users	http://localhost:3000
20230404	18:12:25	5a2e90c9-6b08-459d-923f-e24e152d09e7	OPTIONS	/users	http://localhost:3000
20230404	18:12:25	8ceb6d54-46e6-4118-b6e2-fec7fb9dd788	GET	/users	http://localhost:3000
20230404	18:13:26	2f8bff6d-3aad-41a0-92f9-e52711c36869	OPTIONS	/users	http://localhost:3000
20230404	18:13:26	e3c215ae-eefc-41db-b8e8-9e70d9d8af4d	GET	/users	http://localhost:3000
20230404	18:14:55	a9eb2e41-4175-49b7-89f4-d8808b566e94	OPTIONS	/users	http://localhost:3000
20230404	18:14:55	158012b8-b724-46d9-8b39-0737e24721e0	GET	/users	http://localhost:3000
20230404	18:16:25	039dd338-9086-44b2-b750-43681ad3869b	OPTIONS	/users	http://localhost:3000
20230404	18:16:25	b72561a7-68d8-441d-9d38-fcc150c84a2b	GET	/users	http://localhost:3000
20230404	18:16:25	d65c5b07-7d0f-4117-9cbd-bb37a952b55a	OPTIONS	/auth/refresh	http://localhost:3000
20230404	18:16:25	dd844835-abf2-427e-86e6-077be00e1664	GET	/auth/refresh	http://localhost:3000
20230404	18:16:25	fa0bc8e5-39b6-4d4a-95f8-9391c492cbac	GET	/users	http://localhost:3000
20230404	18:17:26	d22c050f-230a-4a0e-a0dd-cf9831f04c99	OPTIONS	/users	http://localhost:3000
20230404	18:17:26	7c90b051-0819-4873-beb9-8df8f23d3a8f	GET	/users	http://localhost:3000
20230404	18:18:53	d58b1d65-916d-43b0-97b7-d369d09ee8b0	OPTIONS	/users	http://localhost:3000
20230404	18:18:53	6ad4236f-9a58-4a00-9017-8672847d1a56	GET	/users	http://localhost:3000
20230404	18:20:23	01881876-da3d-4a54-bbdb-94a25ddb94ae	OPTIONS	/users	http://localhost:3000
20230404	18:20:23	4047ff4e-1144-4613-b74d-397239b524d2	GET	/users	http://localhost:3000
20230404	18:21:26	616c345e-e217-40af-97bb-641d2806a929	OPTIONS	/users	http://localhost:3000
20230404	18:21:26	2e99b7a1-c7fb-426a-b205-41c6fb8c129d	GET	/users	http://localhost:3000
20230404	18:22:56	4b9f560c-999e-45ce-92a3-266f248fb0f7	OPTIONS	/users	http://localhost:3000
20230404	18:22:56	fe46fa69-ac67-44c5-872e-b3255cdb15c1	GET	/users	http://localhost:3000
20230404	18:24:26	5fd2dbeb-b7bf-4557-9114-1a81018effe1	OPTIONS	/users	http://localhost:3000
20230404	18:24:26	c27f4bb8-f989-4f22-b410-d3aad0655ca7	GET	/users	http://localhost:3000
20230404	18:25:26	d48b5e54-44c7-410d-90e8-2bab9db57769	OPTIONS	/users	http://localhost:3000
20230404	18:25:26	234382a1-a857-4584-a29e-4b1e79b6e4d3	GET	/users	http://localhost:3000
20230404	18:26:55	e9550b95-d939-4bec-aa16-92d1d844dc49	OPTIONS	/users	http://localhost:3000
20230404	18:26:55	89b93c1e-e2c3-40ab-9b6a-f4d3e2139ad5	GET	/users	http://localhost:3000
20230404	18:28:25	be65ce11-6c23-4f41-a6b4-b9e659bba7ba	OPTIONS	/users	http://localhost:3000
20230404	18:28:25	21c547f4-1f7d-4cd4-9b26-3ef290164fbb	GET	/users	http://localhost:3000
20230404	18:29:26	2b8e4ded-a1c8-444e-8a12-20c2038e7726	OPTIONS	/users	http://localhost:3000
20230404	18:29:26	eb5acf47-b1af-41a1-8fe6-c2a6ff2e99df	GET	/users	http://localhost:3000
20230404	18:30:56	81f5b1e4-146e-4ec4-acec-ddff994f7152	OPTIONS	/users	http://localhost:3000
20230404	18:30:56	b326d7cb-322a-4c0f-90b2-cfe39f3f9ae4	GET	/users	http://localhost:3000
20230404	18:32:25	429ffac8-94dd-435d-bc53-e2e55c37d88b	OPTIONS	/users	http://localhost:3000
20230404	18:32:25	2f6365a9-e55a-41fd-8059-f4215b32f2f3	GET	/users	http://localhost:3000
20230404	18:32:25	2adbe582-c601-496b-9893-cc5c124575f3	OPTIONS	/auth/refresh	http://localhost:3000
20230404	18:32:25	2eb70493-e9af-421c-b267-4f441094c161	GET	/auth/refresh	http://localhost:3000
20230404	18:32:26	e97074e5-9451-4fee-92ec-8aee0c8a20ab	GET	/users	http://localhost:3000
20230404	18:33:26	f0cf47d1-f345-433c-8861-c5dcc631968b	OPTIONS	/users	http://localhost:3000
20230404	18:33:26	1b034b1e-cfe1-420c-9f66-774aa0011ef1	GET	/users	http://localhost:3000
20230404	18:34:56	423d7d02-17a8-4ea7-b228-aae1b4505dfa	OPTIONS	/users	http://localhost:3000
20230404	18:34:56	f7d48779-0cbf-469d-ae6b-b10eab4178a4	GET	/users	http://localhost:3000
20230404	18:36:26	44eeddf8-d763-48a4-88c9-bc0f0df3c9c0	OPTIONS	/users	http://localhost:3000
20230404	18:36:26	20959add-f9e4-4397-9979-632730a93436	GET	/users	http://localhost:3000
20230404	18:37:26	a1bd4543-43c0-4cea-be88-e0c65e5e9c04	OPTIONS	/users	http://localhost:3000
20230404	18:37:26	f13e2bc4-6311-48ba-98c8-1b018b9b8217	GET	/users	http://localhost:3000
20230404	18:38:12	08e2ea50-21fe-4b64-8678-b03bec00eff2	OPTIONS	/users	http://localhost:3000
20230404	18:38:12	47131fb7-05ca-4e27-816f-7cd626a91134	GET	/users	http://localhost:3000
20230404	19:37:20	bb2eb93d-368c-4c8c-9850-582e524d0bfa	OPTIONS	/users	http://localhost:3000
20230404	19:37:20	37e82402-549c-4992-a964-1f2cec3c3f0e	GET	/users	http://localhost:3000
20230404	19:37:20	6ef6a5f2-6e61-46e5-b1af-09bbe4badd58	OPTIONS	/auth/refresh	http://localhost:3000
20230404	19:37:20	f045f679-7e5b-4458-ba45-51886504bd3f	GET	/auth/refresh	http://localhost:3000
20230404	19:38:01	9743b77e-91a7-4cb0-bce8-6195e93b83c6	GET	/users	http://localhost:3000
20230404	21:45:02	5f90de7a-bbfc-4046-af7d-0001b6b11716	OPTIONS	/users	http://localhost:3000
20230404	21:45:02	e20271cc-9eae-41c9-a6f2-19677708e5f0	GET	/users	http://localhost:3000
20230404	21:45:02	fc1b0ca6-e91a-4837-8fbf-11b80e088a7d	OPTIONS	/auth/refresh	http://localhost:3000
20230404	21:45:02	5376e7ca-9b72-4613-89b1-341e017a75ab	GET	/auth/refresh	http://localhost:3000
20230404	21:45:06	4fdd288e-215d-4340-aa18-7e09b86d068c	GET	/users	http://localhost:3000
20230405	01:37:22	98681572-8251-49e8-926c-98d60c67cf5c	OPTIONS	/users	http://localhost:3000
20230405	01:37:22	55d1004e-8de4-4da5-be1a-7ce417aa0ed9	GET	/users	http://localhost:3000
20230405	01:37:22	8b443428-68be-4975-a5c2-6d99f5c6c381	OPTIONS	/auth/refresh	http://localhost:3000
20230405	01:37:22	5a8de3c8-53bb-4e75-9516-ebe4555dcd57	GET	/auth/refresh	http://localhost:3000
20230405	08:48:32	6662472d-3fa8-4ae8-b529-bedb593923a5	OPTIONS	/users	http://localhost:3000
20230405	08:48:32	f11776c4-86ee-47de-b960-3ce34eceea5f	GET	/users	http://localhost:3000
20230405	08:48:32	4ee42700-9029-4565-96e0-c6175f63b45f	OPTIONS	/auth/refresh	http://localhost:3000
20230405	08:48:32	0c29684c-1022-4e06-a98d-5328abb5a930	GET	/auth/refresh	http://localhost:3000
20230405	08:48:32	35f51fee-9584-4a18-bbab-949c5cb25e5a	GET	/users	http://localhost:3000
20230405	08:48:33	0dde7e82-55b4-4c45-b2bc-cb96e25b5abd	GET	/users	http://localhost:3000
20230405	15:56:28	f539552e-f840-474a-901d-ac2bf2a0f309	OPTIONS	/auth	http://localhost:3000
20230405	15:56:28	6d91774b-2d7a-4017-8ebf-c9c1eb3d4934	POST	/auth	http://localhost:3000
20230405	15:56:28	fac43b8a-e2de-4f56-8072-67683aca30da	OPTIONS	/notes	http://localhost:3000
20230405	15:56:28	1cbb8fdb-f65c-4fdd-842f-1830036f48a9	OPTIONS	/users	http://localhost:3000
20230405	15:56:28	eaaf2430-7eba-4cc9-a59c-d80f43061813	GET	/notes	http://localhost:3000
20230405	15:56:28	ac6bce32-a868-49ff-9346-3ed9ec24562a	GET	/users	http://localhost:3000
20230405	15:56:34	e6b197d0-a32a-41c2-97f1-38b9cd9a7eb7	OPTIONS	/notes	http://localhost:3000
20230405	15:56:34	c8b35530-a9b1-42cf-8da7-ee02f2fb3273	GET	/notes	http://localhost:3000
20230405	15:56:46	f98e6f28-cf65-4715-93b2-8aaf79d7f2f6	OPTIONS	/users	http://localhost:3000
20230405	15:56:46	dba4faf5-0cc6-4b91-a05d-c1dae2e20363	GET	/users	http://localhost:3000
20230405	16:50:25	aa990152-52d1-4047-9be6-ae119c4fa322	GET	/auth/refresh	http://localhost:3000
20230405	16:50:25	a99e5994-46be-4722-bd66-d42721d1692a	OPTIONS	/notes	http://localhost:3000
20230405	16:50:25	293aceb6-c0a1-41ab-91e1-ff254a9e899f	OPTIONS	/users	http://localhost:3000
20230405	16:50:25	337a9658-0048-48b2-a001-d47b395a19c2	GET	/notes	http://localhost:3000
20230405	16:50:25	06a5f580-a387-4f10-b950-fca550dc5799	GET	/users	http://localhost:3000
20230405	16:50:31	488b20b0-101b-4633-99a7-ee44da520102	GET	/auth/refresh	http://localhost:3000
20230405	16:50:31	34e664bc-6592-49c8-85c4-00bcd436073d	OPTIONS	/notes	http://localhost:3000
20230405	16:50:32	cac39100-e05b-48fe-b781-23d06b3db74f	OPTIONS	/users	http://localhost:3000
20230405	16:50:32	a8d8613c-6707-4d67-a3c6-f6aed2ca4015	GET	/notes	http://localhost:3000
20230405	16:50:32	34bbdda7-0ec5-4502-a255-de7e9fc2f0db	GET	/users	http://localhost:3000
20230405	16:50:38	a395e5d7-05c1-4d02-b41c-db9067482672	OPTIONS	/auth/logout	http://localhost:3000
20230405	16:50:38	01aaea07-ba5c-4d18-9235-2c12b1a7c3ea	POST	/auth/logout	http://localhost:3000
20230405	16:50:45	10a61b4d-7023-4d2b-9709-502019772c99	OPTIONS	/auth	http://localhost:3000
20230405	16:50:45	94622b3e-7c39-439f-b6fd-255564fb6547	POST	/auth	http://localhost:3000
20230405	16:50:46	bd64a90c-fc87-4c3e-9526-48b3933f8cb7	OPTIONS	/notes	http://localhost:3000
20230405	16:50:46	067f56f2-eb01-4873-a0a2-b47152274126	OPTIONS	/users	http://localhost:3000
20230405	16:50:46	c1109856-3020-47c1-a2b1-e34abc972dbc	GET	/notes	http://localhost:3000
20230405	16:50:46	039b6a3f-d84c-45ba-8ea0-2e6be369d363	GET	/users	http://localhost:3000
